Using pre-set license
Built from '2020.3/staging' branch; Version is '2020.3.11f1 (99c7afb366b3) revision 10078127'; Using compiler version '192528614'; Build Type 'Release'
OS: 'Windows 10 Home; OS build 19042.1348; Version 2009; 64bit' Language: 'en' Physical Memory: 16114 MB
BatchMode: 1, IsHumanControllingUs: 0, StartBugReporterOnCrash: 0, Is64bit: 1, IsPro: 0

 COMMAND LINE ARGUMENTS:
C:\Program Files\Unity\Hub\Editor\2020.3.11f1\Editor\Unity.exe
-adb2
-batchMode
-noUpm
-name
AssetImportWorker0
-projectPath
C:/Users/andre/Desktop/SharkPro
-logFile
Logs/AssetImportWorker0.log
-srvPort
53180
Successfully changed project path to: C:/Users/andre/Desktop/SharkPro
C:/Users/andre/Desktop/SharkPro
Using Asset Import Pipeline V2.
Refreshing native plugins compatible for Editor in 32.18 ms, found 2 plugins.
Preloading 0 native plugins for Editor in 0.00 ms.
Initialize engine version: 2020.3.11f1 (99c7afb366b3)
[Subsystems] Discovering subsystems at path C:/Program Files/Unity/Hub/Editor/2020.3.11f1/Editor/Data/Resources/UnitySubsystems
[Subsystems] Discovering subsystems at path C:/Users/andre/Desktop/SharkPro/Assets
GfxDevice: creating device client; threaded=0
Direct3D:
    Version:  Direct3D 11.0 [level 11.1]
    Renderer: NVIDIA GeForce GTX 1050 Ti with Max-Q Design (ID=0x1c8c)
    Vendor:   
    VRAM:     4021 MB
    Driver:   30.0.14.9676
Initialize mono
Mono path[0] = 'C:/Program Files/Unity/Hub/Editor/2020.3.11f1/Editor/Data/Managed'
Mono path[1] = 'C:/Program Files/Unity/Hub/Editor/2020.3.11f1/Editor/Data/MonoBleedingEdge/lib/mono/unityjit'
Mono config path = 'C:/Program Files/Unity/Hub/Editor/2020.3.11f1/Editor/Data/MonoBleedingEdge/etc'
Using monoOptions --debugger-agent=transport=dt_socket,embedding=1,server=y,suspend=n,address=127.0.0.1:56092
Begin MonoManager ReloadAssembly
Registering precompiled unity dll's ...
Register platform support module: C:/Program Files/Unity/Hub/Editor/2020.3.11f1/Editor/Data/PlaybackEngines/WindowsStandaloneSupport/UnityEditor.WindowsStandalone.Extensions.dll
Registered in 0.001936 seconds.
Native extension for WindowsStandalone target not found
Refreshing native plugins compatible for Editor in 34.77 ms, found 2 plugins.
Preloading 0 native plugins for Editor in 0.00 ms.
Mono: successfully reloaded assembly
- Completed reload, in  1.197 seconds
Platform modules already initialized, skipping
Registering precompiled user dll's ...
Registered in 0.003993 seconds.
Begin MonoManager ReloadAssembly
Native extension for WindowsStandalone target not found
Refreshing native plugins compatible for Editor in 30.52 ms, found 2 plugins.
Preloading 0 native plugins for Editor in 0.00 ms.
Mono: successfully reloaded assembly
- Completed reload, in  1.143 seconds
Platform modules already initialized, skipping
========================================================================
Worker process is ready to serve import requests
Launched and connected shader compiler UnityShaderCompiler.exe after 0.05 seconds
Refreshing native plugins compatible for Editor in 0.32 ms, found 2 plugins.
Preloading 0 native plugins for Editor in 0.00 ms.
Unloading 1682 Unused Serialized files (Serialized files now loaded: 0)
System memory in use before: 76.0 MB.
System memory in use after: 76.0 MB.

Unloading 21 unused Assets to reduce memory usage. Loaded Objects now: 2117.
Total: 2.293700 ms (FindLiveObjects: 0.228900 ms CreateObjectMapping: 0.049900 ms MarkObjects: 1.935400 ms  DeleteObjects: 0.078400 ms)

========================================================================
Received Import Request.
  path: Assets
  artifactKey: Guid(00000000000000001000000000000000) Importer(815301076,1909f56bfc062723c751e8b465ee728b)
Start importing Assets using Guid(00000000000000001000000000000000) Importer(815301076,1909f56bfc062723c751e8b465ee728b)  -> (artifact id: '42d402b061de3733987d63b9cc3b64de') in 0.010764 seconds
  Import took 0.014777 seconds .

========================================================================
Received Import Request.
  Time since last request: 6.012805 seconds.
  path: Assets/SharkInput.inputactions
  artifactKey: Guid(caa8bd77d5da5334499a4907509a8590) Importer(815301076,1909f56bfc062723c751e8b465ee728b)
Start importing Assets/SharkInput.inputactions using Guid(caa8bd77d5da5334499a4907509a8590) Importer(815301076,1909f56bfc062723c751e8b465ee728b)  -> (artifact id: '63485ffdec98770e21295f56776c7e5f') in 0.055262 seconds
  Import took 0.058663 seconds .

========================================================================
Received Import Request.
  Time since last request: 67.098955 seconds.
  path: Assets/SharkInput.inputactions
  artifactKey: Guid(caa8bd77d5da5334499a4907509a8590) Importer(815301076,1909f56bfc062723c751e8b465ee728b)
Start importing Assets/SharkInput.inputactions using Guid(caa8bd77d5da5334499a4907509a8590) Importer(815301076,1909f56bfc062723c751e8b465ee728b)  -> (artifact id: '096d34f38bd7fac88d35315573261963') in 0.005874 seconds
  Import took 0.009547 seconds .

========================================================================
Received Import Request.
  Time since last request: 9.711037 seconds.
  path: Assets/SharkInput.inputactions
  artifactKey: Guid(caa8bd77d5da5334499a4907509a8590) Importer(815301076,1909f56bfc062723c751e8b465ee728b)
Start importing Assets/SharkInput.inputactions using Guid(caa8bd77d5da5334499a4907509a8590) Importer(815301076,1909f56bfc062723c751e8b465ee728b)  -> (artifact id: 'cda0f5c55e2726d4218eab3ccf3cee4f') in 0.004209 seconds
  Import took 0.008771 seconds .

========================================================================
Received Import Request.
  Time since last request: 0.019641 seconds.
  path: Assets/SharkInput.inputactions
  artifactKey: Guid(caa8bd77d5da5334499a4907509a8590) Importer(815301076,1909f56bfc062723c751e8b465ee728b)
Start importing Assets/SharkInput.inputactions using Guid(caa8bd77d5da5334499a4907509a8590) Importer(815301076,1909f56bfc062723c751e8b465ee728b)  -> (artifact id: 'cda0f5c55e2726d4218eab3ccf3cee4f') in 0.004457 seconds
  Import took 0.007769 seconds .

========================================================================
Received Prepare
Registering precompiled user dll's ...
Registered in 0.116459 seconds.
Begin MonoManager ReloadAssembly
Native extension for WindowsStandalone target not found
Refreshing native plugins compatible for Editor in 0.32 ms, found 2 plugins.
Preloading 0 native plugins for Editor in 0.00 ms.
Mono: successfully reloaded assembly
- Completed reload, in  1.128 seconds
Platform modules already initialized, skipping
Refreshing native plugins compatible for Editor in 0.34 ms, found 2 plugins.
Preloading 0 native plugins for Editor in 0.00 ms.
Unloading 1678 Unused Serialized files (Serialized files now loaded: 0)
System memory in use before: 76.1 MB.
System memory in use after: 76.2 MB.

Unloading 14 unused Assets to reduce memory usage. Loaded Objects now: 2121.
Total: 2.281100 ms (FindLiveObjects: 0.159500 ms CreateObjectMapping: 0.044900 ms MarkObjects: 2.025700 ms  DeleteObjects: 0.048800 ms)

========================================================================
Received Import Request.
  Time since last request: 11.000591 seconds.
  path: Assets/Scripts
  artifactKey: Guid(cd7330b5aa69d8b46b544c3bfabcf2f8) Importer(815301076,1909f56bfc062723c751e8b465ee728b)
Start importing Assets/Scripts using Guid(cd7330b5aa69d8b46b544c3bfabcf2f8) Importer(815301076,1909f56bfc062723c751e8b465ee728b)  -> (artifact id: '1731254b40442183d83b2640fdaebecd') in 0.010304 seconds
  Import took 0.013283 seconds .

========================================================================
Received Import Request.
  Time since last request: 0.002951 seconds.
  path: Assets/Scripts
  artifactKey: Guid(cd7330b5aa69d8b46b544c3bfabcf2f8) Importer(815301076,1909f56bfc062723c751e8b465ee728b)
Start importing Assets/Scripts using Guid(cd7330b5aa69d8b46b544c3bfabcf2f8) Importer(815301076,1909f56bfc062723c751e8b465ee728b)  -> (artifact id: '1731254b40442183d83b2640fdaebecd') in 0.004570 seconds
  Import took 0.007386 seconds .

========================================================================
Received Import Request.
  Time since last request: 7.853346 seconds.
  path: Assets/Prefabs
  artifactKey: Guid(2ef3c70b3ddac4949a1a1f2842007a48) Importer(815301076,1909f56bfc062723c751e8b465ee728b)
Start importing Assets/Prefabs using Guid(2ef3c70b3ddac4949a1a1f2842007a48) Importer(815301076,1909f56bfc062723c751e8b465ee728b)  -> (artifact id: 'faab948694f1bd03e5c08dd717e24852') in 0.010558 seconds
  Import took 0.014608 seconds .

========================================================================
Received Import Request.
  Time since last request: 13.615171 seconds.
  path: Assets/Scripts/SharkMovement.cs
  artifactKey: Guid(cc897dd5e30a1c441aa69f1f21e1a937) Importer(815301076,1909f56bfc062723c751e8b465ee728b)
Start importing Assets/Scripts/SharkMovement.cs using Guid(cc897dd5e30a1c441aa69f1f21e1a937) Importer(815301076,1909f56bfc062723c751e8b465ee728b)  -> (artifact id: '7b84452b442fff9574e51e6f339d3a9c') in 0.009436 seconds
  Import took 0.013839 seconds .

========================================================================
Received Prepare
Registering precompiled user dll's ...
Registered in 0.004117 seconds.
Begin MonoManager ReloadAssembly
Native extension for WindowsStandalone target not found
Refreshing native plugins compatible for Editor in 0.33 ms, found 2 plugins.
Preloading 0 native plugins for Editor in 0.00 ms.
Mono: successfully reloaded assembly
- Completed reload, in  1.469 seconds
Platform modules already initialized, skipping
Refreshing native plugins compatible for Editor in 0.42 ms, found 2 plugins.
Preloading 0 native plugins for Editor in 0.00 ms.
Unloading 1679 Unused Serialized files (Serialized files now loaded: 0)
System memory in use before: 76.1 MB.
System memory in use after: 76.2 MB.

Unloading 14 unused Assets to reduce memory usage. Loaded Objects now: 2125.
Total: 2.229300 ms (FindLiveObjects: 0.170800 ms CreateObjectMapping: 0.065100 ms MarkObjects: 1.934100 ms  DeleteObjects: 0.057500 ms)

========================================================================
Received Import Request.
  Time since last request: 112.714585 seconds.
  path: Assets/Scripts/SharkMovement.cs
  artifactKey: Guid(cc897dd5e30a1c441aa69f1f21e1a937) Importer(815301076,1909f56bfc062723c751e8b465ee728b)
Start importing Assets/Scripts/SharkMovement.cs using Guid(cc897dd5e30a1c441aa69f1f21e1a937) Importer(815301076,1909f56bfc062723c751e8b465ee728b)  -> (artifact id: 'e5db1ec939fd56d053d49c7105419ace') in 0.005986 seconds
  Import took 0.018606 seconds .

========================================================================
Received Import Request.
  Time since last request: 18.908594 seconds.
  path: Assets/Prefabs/Shark.prefab
  artifactKey: Guid(1a8737cde5cb7a0428104cd685d6a5aa) Importer(815301076,1909f56bfc062723c751e8b465ee728b)
Start importing Assets/Prefabs/Shark.prefab using Guid(1a8737cde5cb7a0428104cd685d6a5aa) Importer(815301076,1909f56bfc062723c751e8b465ee728b)  -> (artifact id: '910dafaea0d8a188fb73092bc24d9437') in 0.029335 seconds
  Import took 0.032934 seconds .

========================================================================
Received Import Request.
  Time since last request: 0.005147 seconds.
  path: Assets/Prefabs/Shark.prefab
  artifactKey: Guid(1a8737cde5cb7a0428104cd685d6a5aa) Importer(815301076,1909f56bfc062723c751e8b465ee728b)
Start importing Assets/Prefabs/Shark.prefab using Guid(1a8737cde5cb7a0428104cd685d6a5aa) Importer(815301076,1909f56bfc062723c751e8b465ee728b)  -> (artifact id: '910dafaea0d8a188fb73092bc24d9437') in 0.004773 seconds
  Import took 0.007716 seconds .

========================================================================
Received Import Request.
  Time since last request: 6.595219 seconds.
  path: Assets/Prefabs/Shark.prefab
  artifactKey: Guid(1a8737cde5cb7a0428104cd685d6a5aa) Importer(815301076,1909f56bfc062723c751e8b465ee728b)
Start importing Assets/Prefabs/Shark.prefab using Guid(1a8737cde5cb7a0428104cd685d6a5aa) Importer(815301076,1909f56bfc062723c751e8b465ee728b)  -> (artifact id: '7bd9dbd79e5dda624212ae773d2a47c6') in 0.081998 seconds
  Import took 0.086814 seconds .

========================================================================
Received Import Request.
  Time since last request: 5.071154 seconds.
  path: Assets/Prefabs/Shark.prefab
  artifactKey: Guid(1a8737cde5cb7a0428104cd685d6a5aa) Importer(815301076,1909f56bfc062723c751e8b465ee728b)
Start importing Assets/Prefabs/Shark.prefab using Guid(1a8737cde5cb7a0428104cd685d6a5aa) Importer(815301076,1909f56bfc062723c751e8b465ee728b)  -> (artifact id: '0e30c7c9ddab5ee7e1041c7315ccbc49') in 0.010628 seconds
  Import took 0.014187 seconds .

========================================================================
Received Import Request.
  Time since last request: 6.882450 seconds.
  path: Assets/Prefabs/Shark.prefab
  artifactKey: Guid(1a8737cde5cb7a0428104cd685d6a5aa) Importer(815301076,1909f56bfc062723c751e8b465ee728b)
Start importing Assets/Prefabs/Shark.prefab using Guid(1a8737cde5cb7a0428104cd685d6a5aa) Importer(815301076,1909f56bfc062723c751e8b465ee728b)  -> (artifact id: 'f3675349242af36599b65dd3e0d3b27f') in 0.019206 seconds
  Import took 0.023592 seconds .

========================================================================
Received Import Request.
  Time since last request: 2.201932 seconds.
  path: Assets/Prefabs/Shark.prefab
  artifactKey: Guid(1a8737cde5cb7a0428104cd685d6a5aa) Importer(815301076,1909f56bfc062723c751e8b465ee728b)
Start importing Assets/Prefabs/Shark.prefab using Guid(1a8737cde5cb7a0428104cd685d6a5aa) Importer(815301076,1909f56bfc062723c751e8b465ee728b)  -> (artifact id: 'e14ca2ce5c69a511f8fc0382a46589f4') in 0.016577 seconds
  Import took 0.020585 seconds .

========================================================================
Received Import Request.
  Time since last request: 5.255430 seconds.
  path: Assets/Prefabs/Shark.prefab
  artifactKey: Guid(1a8737cde5cb7a0428104cd685d6a5aa) Importer(815301076,1909f56bfc062723c751e8b465ee728b)
Start importing Assets/Prefabs/Shark.prefab using Guid(1a8737cde5cb7a0428104cd685d6a5aa) Importer(815301076,1909f56bfc062723c751e8b465ee728b)  -> (artifact id: '8b9fea376eec6fe9445e13ec58f0501c') in 0.012317 seconds
  Import took 0.016141 seconds .

========================================================================
Received Import Request.
  Time since last request: 4.794566 seconds.
  path: Assets/Prefabs/Shark.prefab
  artifactKey: Guid(1a8737cde5cb7a0428104cd685d6a5aa) Importer(815301076,1909f56bfc062723c751e8b465ee728b)
Start importing Assets/Prefabs/Shark.prefab using Guid(1a8737cde5cb7a0428104cd685d6a5aa) Importer(815301076,1909f56bfc062723c751e8b465ee728b)  -> (artifact id: '4c1c851cf3bb9eccfa26d93545ed1764') in 0.010675 seconds
  Import took 0.014556 seconds .

========================================================================
Received Import Request.
  Time since last request: 4.860839 seconds.
  path: Assets/Prefabs/Shark.prefab
  artifactKey: Guid(1a8737cde5cb7a0428104cd685d6a5aa) Importer(815301076,1909f56bfc062723c751e8b465ee728b)
Start importing Assets/Prefabs/Shark.prefab using Guid(1a8737cde5cb7a0428104cd685d6a5aa) Importer(815301076,1909f56bfc062723c751e8b465ee728b)  -> (artifact id: '2c9360ac88e96809e57317cd6bdd45fe') in 0.010238 seconds
  Import took 0.014927 seconds .

========================================================================
Received Prepare
Registering precompiled user dll's ...
Registered in 0.005391 seconds.
Begin MonoManager ReloadAssembly
Native extension for WindowsStandalone target not found
Refreshing native plugins compatible for Editor in 0.32 ms, found 2 plugins.
Preloading 0 native plugins for Editor in 0.00 ms.
Mono: successfully reloaded assembly
- Completed reload, in  1.035 seconds
Platform modules already initialized, skipping
Refreshing native plugins compatible for Editor in 0.31 ms, found 2 plugins.
Preloading 0 native plugins for Editor in 0.00 ms.
Unloading 1679 Unused Serialized files (Serialized files now loaded: 0)
System memory in use before: 79.4 MB.
System memory in use after: 79.4 MB.

Unloading 15 unused Assets to reduce memory usage. Loaded Objects now: 2136.
Total: 2.085700 ms (FindLiveObjects: 0.148100 ms CreateObjectMapping: 0.050900 ms MarkObjects: 1.839800 ms  DeleteObjects: 0.046100 ms)

========================================================================
Received Import Request.
  Time since last request: 106.429509 seconds.
  path: Assets/Prefabs/Shark.prefab
  artifactKey: Guid(1a8737cde5cb7a0428104cd685d6a5aa) Importer(815301076,1909f56bfc062723c751e8b465ee728b)
Start importing Assets/Prefabs/Shark.prefab using Guid(1a8737cde5cb7a0428104cd685d6a5aa) Importer(815301076,1909f56bfc062723c751e8b465ee728b)  -> (artifact id: 'a8a095a7c91e25d66412742b8624d739') in 0.069171 seconds
  Import took 0.072364 seconds .

========================================================================
Received Prepare
Registering precompiled user dll's ...
Registered in 0.005547 seconds.
Begin MonoManager ReloadAssembly
Native extension for WindowsStandalone target not found
Refreshing native plugins compatible for Editor in 0.32 ms, found 2 plugins.
Preloading 0 native plugins for Editor in 0.00 ms.
Mono: successfully reloaded assembly
- Completed reload, in  1.073 seconds
Platform modules already initialized, skipping
Refreshing native plugins compatible for Editor in 0.44 ms, found 2 plugins.
Preloading 0 native plugins for Editor in 0.00 ms.
Unloading 1679 Unused Serialized files (Serialized files now loaded: 0)
System memory in use before: 79.4 MB.
System memory in use after: 79.5 MB.

Unloading 15 unused Assets to reduce memory usage. Loaded Objects now: 2140.
Total: 2.258300 ms (FindLiveObjects: 0.184900 ms CreateObjectMapping: 0.058900 ms MarkObjects: 1.960000 ms  DeleteObjects: 0.053400 ms)

========================================================================
Received Import Request.
  Time since last request: 134.565890 seconds.
  path: Assets/Prefabs/Shark.prefab
  artifactKey: Guid(1a8737cde5cb7a0428104cd685d6a5aa) Importer(815301076,1909f56bfc062723c751e8b465ee728b)
Start importing Assets/Prefabs/Shark.prefab using Guid(1a8737cde5cb7a0428104cd685d6a5aa) Importer(815301076,1909f56bfc062723c751e8b465ee728b)  -> (artifact id: '4aa238f1a1fda82f0ec479acf414bcd8') in 0.068192 seconds
  Import took 0.071547 seconds .

========================================================================
Received Import Request.
  Time since last request: 11.365383 seconds.
  path: Assets/Prefabs/Shark.prefab
  artifactKey: Guid(1a8737cde5cb7a0428104cd685d6a5aa) Importer(815301076,1909f56bfc062723c751e8b465ee728b)
Start importing Assets/Prefabs/Shark.prefab using Guid(1a8737cde5cb7a0428104cd685d6a5aa) Importer(815301076,1909f56bfc062723c751e8b465ee728b)  -> (artifact id: 'de62df67f46fdc22b3c6d3b5bf740458') in 0.009700 seconds
  Import took 0.012636 seconds .

========================================================================
Received Import Request.
  Time since last request: 7.420787 seconds.
  path: Assets/Prefabs/Shark.prefab
  artifactKey: Guid(1a8737cde5cb7a0428104cd685d6a5aa) Importer(815301076,1909f56bfc062723c751e8b465ee728b)
Start importing Assets/Prefabs/Shark.prefab using Guid(1a8737cde5cb7a0428104cd685d6a5aa) Importer(815301076,1909f56bfc062723c751e8b465ee728b)  -> (artifact id: 'da4ae8d2573954ea5bb1589dfcd891c5') in 0.009813 seconds
  Import took 0.018120 seconds .

========================================================================
Received Import Request.
  Time since last request: 27.695892 seconds.
  path: Assets/Prefabs/Shark.prefab
  artifactKey: Guid(1a8737cde5cb7a0428104cd685d6a5aa) Importer(815301076,1909f56bfc062723c751e8b465ee728b)
Start importing Assets/Prefabs/Shark.prefab using Guid(1a8737cde5cb7a0428104cd685d6a5aa) Importer(815301076,1909f56bfc062723c751e8b465ee728b)  -> (artifact id: '4c8304f64998edb576d9bb1e13afc430') in 0.014058 seconds
  Import took 0.017099 seconds .

========================================================================
Received Prepare
Registering precompiled user dll's ...
Registered in 0.003670 seconds.
Begin MonoManager ReloadAssembly
Native extension for WindowsStandalone target not found
Refreshing native plugins compatible for Editor in 0.31 ms, found 2 plugins.
Preloading 0 native plugins for Editor in 0.00 ms.
Mono: successfully reloaded assembly
- Completed reload, in  1.047 seconds
Platform modules already initialized, skipping
Refreshing native plugins compatible for Editor in 0.32 ms, found 2 plugins.
Preloading 0 native plugins for Editor in 0.00 ms.
Unloading 1679 Unused Serialized files (Serialized files now loaded: 0)
System memory in use before: 79.4 MB.
System memory in use after: 79.5 MB.

Unloading 15 unused Assets to reduce memory usage. Loaded Objects now: 2144.
Total: 2.323900 ms (FindLiveObjects: 0.164800 ms CreateObjectMapping: 0.061600 ms MarkObjects: 2.044300 ms  DeleteObjects: 0.052200 ms)

========================================================================
Received Prepare
Registering precompiled user dll's ...
Registered in 0.003653 seconds.
Begin MonoManager ReloadAssembly
Native extension for WindowsStandalone target not found
Refreshing native plugins compatible for Editor in 0.32 ms, found 2 plugins.
Preloading 0 native plugins for Editor in 0.00 ms.
Mono: successfully reloaded assembly
- Completed reload, in  1.031 seconds
Platform modules already initialized, skipping
Refreshing native plugins compatible for Editor in 0.31 ms, found 2 plugins.
Preloading 0 native plugins for Editor in 0.00 ms.
Unloading 1679 Unused Serialized files (Serialized files now loaded: 0)
System memory in use before: 79.4 MB.
System memory in use after: 79.5 MB.

Unloading 14 unused Assets to reduce memory usage. Loaded Objects now: 2147.
Total: 2.084400 ms (FindLiveObjects: 0.165000 ms CreateObjectMapping: 0.044300 ms MarkObjects: 1.830500 ms  DeleteObjects: 0.043800 ms)

========================================================================
Received Import Request.
  Time since last request: 269.053384 seconds.
  path: Assets/Prefabs/Shark.prefab
  artifactKey: Guid(1a8737cde5cb7a0428104cd685d6a5aa) Importer(815301076,1909f56bfc062723c751e8b465ee728b)
Start importing Assets/Prefabs/Shark.prefab using Guid(1a8737cde5cb7a0428104cd685d6a5aa) Importer(815301076,1909f56bfc062723c751e8b465ee728b)  -> (artifact id: 'd38423937a2974ba6a977678abd6e4b6') in 0.072317 seconds
  Import took 0.081552 seconds .

========================================================================
Received Import Request.
  Time since last request: 4.052798 seconds.
  path: Assets/Prefabs/Shark.prefab
  artifactKey: Guid(1a8737cde5cb7a0428104cd685d6a5aa) Importer(815301076,1909f56bfc062723c751e8b465ee728b)
Start importing Assets/Prefabs/Shark.prefab using Guid(1a8737cde5cb7a0428104cd685d6a5aa) Importer(815301076,1909f56bfc062723c751e8b465ee728b)  -> (artifact id: '7ff7148ded42fd484bdcb91245b8ee08') in 0.010115 seconds
  Import took 0.013122 seconds .

========================================================================
Received Import Request.
  Time since last request: 8.790536 seconds.
  path: Assets/Prefabs/Shark.prefab
  artifactKey: Guid(1a8737cde5cb7a0428104cd685d6a5aa) Importer(815301076,1909f56bfc062723c751e8b465ee728b)
Start importing Assets/Prefabs/Shark.prefab using Guid(1a8737cde5cb7a0428104cd685d6a5aa) Importer(815301076,1909f56bfc062723c751e8b465ee728b)  -> (artifact id: '48c8fd186f5c6b2ff953079d67825882') in 0.012333 seconds
  Import took 0.015651 seconds .

========================================================================
Received Import Request.
  Time since last request: 4.191034 seconds.
  path: Assets/Prefabs/Shark.prefab
  artifactKey: Guid(1a8737cde5cb7a0428104cd685d6a5aa) Importer(815301076,1909f56bfc062723c751e8b465ee728b)
Start importing Assets/Prefabs/Shark.prefab using Guid(1a8737cde5cb7a0428104cd685d6a5aa) Importer(815301076,1909f56bfc062723c751e8b465ee728b)  -> (artifact id: '31afd7e95b0c2c786147a2d7d6a75a7e') in 0.009876 seconds
  Import took 0.018824 seconds .

========================================================================
Received Prepare
Registering precompiled user dll's ...
Registered in 0.003696 seconds.
Begin MonoManager ReloadAssembly
Native extension for WindowsStandalone target not found
Refreshing native plugins compatible for Editor in 0.35 ms, found 2 plugins.
Preloading 0 native plugins for Editor in 0.00 ms.
Mono: successfully reloaded assembly
- Completed reload, in  1.113 seconds
Platform modules already initialized, skipping
Refreshing native plugins compatible for Editor in 0.32 ms, found 2 plugins.
Preloading 0 native plugins for Editor in 0.00 ms.
Unloading 1679 Unused Serialized files (Serialized files now loaded: 0)
System memory in use before: 79.4 MB.
System memory in use after: 79.5 MB.

Unloading 15 unused Assets to reduce memory usage. Loaded Objects now: 2151.
Total: 2.254600 ms (FindLiveObjects: 0.171600 ms CreateObjectMapping: 0.046600 ms MarkObjects: 1.979000 ms  DeleteObjects: 0.056400 ms)

========================================================================
Received Import Request.
  Time since last request: 30.540948 seconds.
  path: Assets/Prefabs/Shark.prefab
  artifactKey: Guid(1a8737cde5cb7a0428104cd685d6a5aa) Importer(815301076,1909f56bfc062723c751e8b465ee728b)
Start importing Assets/Prefabs/Shark.prefab using Guid(1a8737cde5cb7a0428104cd685d6a5aa) Importer(815301076,1909f56bfc062723c751e8b465ee728b)  -> (artifact id: 'f01b6d5d6d8a1247a2d26366c8a78055') in 0.073612 seconds
  Import took 0.082541 seconds .

========================================================================
Received Prepare
Registering precompiled user dll's ...
Registered in 0.004190 seconds.
Begin MonoManager ReloadAssembly
Native extension for WindowsStandalone target not found
Refreshing native plugins compatible for Editor in 0.44 ms, found 2 plugins.
Preloading 0 native plugins for Editor in 0.00 ms.
Mono: successfully reloaded assembly
- Completed reload, in  1.095 seconds
Platform modules already initialized, skipping
Refreshing native plugins compatible for Editor in 0.32 ms, found 2 plugins.
Preloading 0 native plugins for Editor in 0.00 ms.
Unloading 1679 Unused Serialized files (Serialized files now loaded: 0)
System memory in use before: 79.4 MB.
System memory in use after: 79.5 MB.

Unloading 15 unused Assets to reduce memory usage. Loaded Objects now: 2155.
Total: 2.228100 ms (FindLiveObjects: 0.160100 ms CreateObjectMapping: 0.046300 ms MarkObjects: 1.973600 ms  DeleteObjects: 0.047200 ms)

========================================================================
Received Prepare
Registering precompiled user dll's ...
Registered in 0.005563 seconds.
Begin MonoManager ReloadAssembly
Native extension for WindowsStandalone target not found
Refreshing native plugins compatible for Editor in 0.32 ms, found 2 plugins.
Preloading 0 native plugins for Editor in 0.00 ms.
Mono: successfully reloaded assembly
- Completed reload, in  1.090 seconds
Platform modules already initialized, skipping
Refreshing native plugins compatible for Editor in 0.58 ms, found 2 plugins.
Preloading 0 native plugins for Editor in 0.00 ms.
Unloading 1679 Unused Serialized files (Serialized files now loaded: 0)
System memory in use before: 79.4 MB.
System memory in use after: 79.5 MB.

Unloading 14 unused Assets to reduce memory usage. Loaded Objects now: 2158.
Total: 2.314900 ms (FindLiveObjects: 0.166200 ms CreateObjectMapping: 0.044800 ms MarkObjects: 2.057700 ms  DeleteObjects: 0.045400 ms)

========================================================================
Received Prepare
Registering precompiled user dll's ...
Registered in 0.004086 seconds.
Begin MonoManager ReloadAssembly
Native extension for WindowsStandalone target not found
Refreshing native plugins compatible for Editor in 0.33 ms, found 2 plugins.
Preloading 0 native plugins for Editor in 0.00 ms.
Mono: successfully reloaded assembly
- Completed reload, in  1.047 seconds
Platform modules already initialized, skipping
Refreshing native plugins compatible for Editor in 0.32 ms, found 2 plugins.
Preloading 0 native plugins for Editor in 0.00 ms.
Unloading 1679 Unused Serialized files (Serialized files now loaded: 0)
System memory in use before: 79.4 MB.
System memory in use after: 79.5 MB.

Unloading 14 unused Assets to reduce memory usage. Loaded Objects now: 2161.
Total: 2.556900 ms (FindLiveObjects: 0.163100 ms CreateObjectMapping: 0.045400 ms MarkObjects: 2.300500 ms  DeleteObjects: 0.047100 ms)

========================================================================
Received Prepare
Registering precompiled user dll's ...
Registered in 0.005586 seconds.
Begin MonoManager ReloadAssembly
Native extension for WindowsStandalone target not found
Refreshing native plugins compatible for Editor in 0.46 ms, found 2 plugins.
Preloading 0 native plugins for Editor in 0.00 ms.
Mono: successfully reloaded assembly
- Completed reload, in  1.401 seconds
Platform modules already initialized, skipping
Refreshing native plugins compatible for Editor in 0.42 ms, found 2 plugins.
Preloading 0 native plugins for Editor in 0.00 ms.
Unloading 1679 Unused Serialized files (Serialized files now loaded: 0)
System memory in use before: 79.5 MB.
System memory in use after: 79.5 MB.

Unloading 14 unused Assets to reduce memory usage. Loaded Objects now: 2164.
Total: 2.426300 ms (FindLiveObjects: 0.158700 ms CreateObjectMapping: 0.051200 ms MarkObjects: 2.159300 ms  DeleteObjects: 0.055800 ms)

========================================================================
Received Prepare
Registering precompiled user dll's ...
Registered in 0.003745 seconds.
Begin MonoManager ReloadAssembly
Native extension for WindowsStandalone target not found
Refreshing native plugins compatible for Editor in 0.33 ms, found 2 plugins.
Preloading 0 native plugins for Editor in 0.00 ms.
Mono: successfully reloaded assembly
- Completed reload, in  1.027 seconds
Platform modules already initialized, skipping
Refreshing native plugins compatible for Editor in 0.32 ms, found 2 plugins.
Preloading 0 native plugins for Editor in 0.00 ms.
Unloading 1679 Unused Serialized files (Serialized files now loaded: 0)
System memory in use before: 79.5 MB.
System memory in use after: 79.5 MB.

Unloading 14 unused Assets to reduce memory usage. Loaded Objects now: 2167.
Total: 2.358900 ms (FindLiveObjects: 0.168500 ms CreateObjectMapping: 0.045400 ms MarkObjects: 2.095100 ms  DeleteObjects: 0.049000 ms)

========================================================================
Received Prepare
Registering precompiled user dll's ...
Registered in 0.004538 seconds.
Begin MonoManager ReloadAssembly
Native extension for WindowsStandalone target not found
Refreshing native plugins compatible for Editor in 0.34 ms, found 2 plugins.
Preloading 0 native plugins for Editor in 0.00 ms.
Mono: successfully reloaded assembly
- Completed reload, in  1.169 seconds
Platform modules already initialized, skipping
Refreshing native plugins compatible for Editor in 0.32 ms, found 2 plugins.
Preloading 0 native plugins for Editor in 0.00 ms.
Unloading 1679 Unused Serialized files (Serialized files now loaded: 0)
System memory in use before: 79.5 MB.
System memory in use after: 79.6 MB.

Unloading 14 unused Assets to reduce memory usage. Loaded Objects now: 2170.
Total: 2.159600 ms (FindLiveObjects: 0.159300 ms CreateObjectMapping: 0.055300 ms MarkObjects: 1.885200 ms  DeleteObjects: 0.058800 ms)

========================================================================
Received Import Request.
  Time since last request: 368.757148 seconds.
  path: Assets/Prefabs/Shark.prefab
  artifactKey: Guid(1a8737cde5cb7a0428104cd685d6a5aa) Importer(815301076,1909f56bfc062723c751e8b465ee728b)
Start importing Assets/Prefabs/Shark.prefab using Guid(1a8737cde5cb7a0428104cd685d6a5aa) Importer(815301076,1909f56bfc062723c751e8b465ee728b)  -> (artifact id: '756049eee8cd86cc62962702636198a5') in 0.080259 seconds
  Import took 0.088890 seconds .

========================================================================
Received Prepare
Registering precompiled user dll's ...
Registered in 0.003721 seconds.
Begin MonoManager ReloadAssembly
Native extension for WindowsStandalone target not found
Refreshing native plugins compatible for Editor in 0.32 ms, found 2 plugins.
Preloading 0 native plugins for Editor in 0.00 ms.
Mono: successfully reloaded assembly
- Completed reload, in  1.070 seconds
Platform modules already initialized, skipping
Refreshing native plugins compatible for Editor in 0.38 ms, found 2 plugins.
Preloading 0 native plugins for Editor in 0.00 ms.
Unloading 1679 Unused Serialized files (Serialized files now loaded: 0)
System memory in use before: 79.5 MB.
System memory in use after: 79.6 MB.

Unloading 15 unused Assets to reduce memory usage. Loaded Objects now: 2174.
Total: 2.618800 ms (FindLiveObjects: 0.161500 ms CreateObjectMapping: 0.053900 ms MarkObjects: 2.350100 ms  DeleteObjects: 0.052300 ms)

========================================================================
Received Prepare
Registering precompiled user dll's ...
Registered in 0.003770 seconds.
Begin MonoManager ReloadAssembly
Native extension for WindowsStandalone target not found
Refreshing native plugins compatible for Editor in 0.32 ms, found 2 plugins.
Preloading 0 native plugins for Editor in 0.00 ms.
Mono: successfully reloaded assembly
- Completed reload, in  1.104 seconds
Platform modules already initialized, skipping
Refreshing native plugins compatible for Editor in 0.49 ms, found 2 plugins.
Preloading 0 native plugins for Editor in 0.00 ms.
Unloading 1679 Unused Serialized files (Serialized files now loaded: 0)
System memory in use before: 79.5 MB.
System memory in use after: 79.6 MB.

Unloading 14 unused Assets to reduce memory usage. Loaded Objects now: 2177.
Total: 2.616100 ms (FindLiveObjects: 0.203500 ms CreateObjectMapping: 0.061900 ms MarkObjects: 2.299700 ms  DeleteObjects: 0.050100 ms)

========================================================================
Received Import Request.
  Time since last request: 125.991785 seconds.
  path: Assets/Prefabs/Shark.prefab
  artifactKey: Guid(1a8737cde5cb7a0428104cd685d6a5aa) Importer(815301076,1909f56bfc062723c751e8b465ee728b)
Start importing Assets/Prefabs/Shark.prefab using Guid(1a8737cde5cb7a0428104cd685d6a5aa) Importer(815301076,1909f56bfc062723c751e8b465ee728b)  -> (artifact id: 'e59bfbd867f8425222ff1324c4ad21d8') in 0.078201 seconds
  Import took 0.082000 seconds .

========================================================================
Received Prepare
Registering precompiled user dll's ...
Registered in 0.003915 seconds.
Begin MonoManager ReloadAssembly
Native extension for WindowsStandalone target not found
Refreshing native plugins compatible for Editor in 0.33 ms, found 2 plugins.
Preloading 0 native plugins for Editor in 0.00 ms.
Mono: successfully reloaded assembly
- Completed reload, in  1.067 seconds
Platform modules already initialized, skipping
Refreshing native plugins compatible for Editor in 0.29 ms, found 2 plugins.
Preloading 0 native plugins for Editor in 0.00 ms.
Unloading 1679 Unused Serialized files (Serialized files now loaded: 0)
System memory in use before: 79.5 MB.
System memory in use after: 79.6 MB.

Unloading 15 unused Assets to reduce memory usage. Loaded Objects now: 2181.
Total: 2.119400 ms (FindLiveObjects: 0.174000 ms CreateObjectMapping: 0.051300 ms MarkObjects: 1.841300 ms  DeleteObjects: 0.051900 ms)

========================================================================
Received Prepare
Registering precompiled user dll's ...
Registered in 0.004128 seconds.
Begin MonoManager ReloadAssembly
Native extension for WindowsStandalone target not found
Refreshing native plugins compatible for Editor in 0.41 ms, found 2 plugins.
Preloading 0 native plugins for Editor in 0.00 ms.
Mono: successfully reloaded assembly
- Completed reload, in  1.027 seconds
Platform modules already initialized, skipping
Refreshing native plugins compatible for Editor in 0.36 ms, found 2 plugins.
Preloading 0 native plugins for Editor in 0.00 ms.
Unloading 1679 Unused Serialized files (Serialized files now loaded: 0)
System memory in use before: 79.5 MB.
System memory in use after: 79.6 MB.

Unloading 14 unused Assets to reduce memory usage. Loaded Objects now: 2184.
Total: 2.687400 ms (FindLiveObjects: 0.162100 ms CreateObjectMapping: 0.044900 ms MarkObjects: 2.431800 ms  DeleteObjects: 0.047600 ms)

========================================================================
Received Prepare
Registering precompiled user dll's ...
Registered in 0.004102 seconds.
Begin MonoManager ReloadAssembly
Native extension for WindowsStandalone target not found
Refreshing native plugins compatible for Editor in 0.31 ms, found 2 plugins.
Preloading 0 native plugins for Editor in 0.00 ms.
Mono: successfully reloaded assembly
- Completed reload, in  1.008 seconds
Platform modules already initialized, skipping
Refreshing native plugins compatible for Editor in 0.37 ms, found 2 plugins.
Preloading 0 native plugins for Editor in 0.00 ms.
Unloading 1679 Unused Serialized files (Serialized files now loaded: 0)
System memory in use before: 79.5 MB.
System memory in use after: 79.6 MB.

Unloading 14 unused Assets to reduce memory usage. Loaded Objects now: 2187.
Total: 2.297300 ms (FindLiveObjects: 0.255700 ms CreateObjectMapping: 0.049200 ms MarkObjects: 1.945600 ms  DeleteObjects: 0.045900 ms)

========================================================================
Received Prepare
Registering precompiled user dll's ...
Registered in 0.003676 seconds.
Begin MonoManager ReloadAssembly
Native extension for WindowsStandalone target not found
Refreshing native plugins compatible for Editor in 0.34 ms, found 2 plugins.
Preloading 0 native plugins for Editor in 0.00 ms.
Invalid AssetDatabase path: /Editor/EditorResources/cm_logo_sm.png. Use path relative to the project folder.
UnityEngine.StackTraceUtility:ExtractStackTrace ()
UnityEditor.AssetDatabase:LoadAssetAtPath<UnityEngine.Texture2D> (string)
Cinemachine.Editor.CinemachineSettings:get_CinemachineLogoTexture () (at Library/PackageCache/com.unity.cinemachine@2.6.11/Editor/Windows/CinemachineSettings.cs:205)
Cinemachine.Editor.CinemachineSettings:.cctor () (at Library/PackageCache/com.unity.cinemachine@2.6.11/Editor/Windows/CinemachineSettings.cs:237)
Cinemachine.CinemachineColliderPrefs:.cctor () (at Library/PackageCache/com.unity.cinemachine@2.6.11/Editor/Windows/CinemachineColliderPrefs.cs:61)
System.Runtime.CompilerServices.RuntimeHelpers:RunClassConstructor (System.RuntimeTypeHandle)
UnityEditor.EditorAssemblies:ProcessInitializeOnLoadAttributes (System.Type[])

[Library/PackageCache/com.unity.cinemachine@2.6.11/Editor/Windows/CinemachineSettings.cs line 205]

Mono: successfully reloaded assembly
- Completed reload, in  1.120 seconds
Platform modules already initialized, skipping
Refreshing native plugins compatible for Editor in 0.74 ms, found 2 plugins.
Preloading 0 native plugins for Editor in 0.00 ms.
Unloading 1826 Unused Serialized files (Serialized files now loaded: 0)
System memory in use before: 84.4 MB.
System memory in use after: 84.5 MB.

Unloading 15 unused Assets to reduce memory usage. Loaded Objects now: 2336.
Total: 2.444900 ms (FindLiveObjects: 0.191400 ms CreateObjectMapping: 0.059000 ms MarkObjects: 2.131400 ms  DeleteObjects: 0.062100 ms)

========================================================================
Received Import Request.
  Time since last request: 336.147397 seconds.
  path: Assets/Prefabs/Shark.prefab
  artifactKey: Guid(1a8737cde5cb7a0428104cd685d6a5aa) Importer(815301076,1909f56bfc062723c751e8b465ee728b)
Start importing Assets/Prefabs/Shark.prefab using Guid(1a8737cde5cb7a0428104cd685d6a5aa) Importer(815301076,1909f56bfc062723c751e8b465ee728b)  -> (artifact id: 'd7dc962a45e9b70795fd2f46abc0d0b4') in 0.078182 seconds
  Import took 0.081674 seconds .

========================================================================
Received Import Request.
  Time since last request: 8.386111 seconds.
  path: Assets/Prefabs/Shark.prefab
  artifactKey: Guid(1a8737cde5cb7a0428104cd685d6a5aa) Importer(815301076,1909f56bfc062723c751e8b465ee728b)
Start importing Assets/Prefabs/Shark.prefab using Guid(1a8737cde5cb7a0428104cd685d6a5aa) Importer(815301076,1909f56bfc062723c751e8b465ee728b)  -> (artifact id: 'da2e62cf567d244aafdf7a17f2564bd9') in 0.010372 seconds
  Import took 0.013826 seconds .

========================================================================
Received Prepare
Registering precompiled user dll's ...
Registered in 0.004348 seconds.
Begin MonoManager ReloadAssembly
Native extension for WindowsStandalone target not found
Refreshing native plugins compatible for Editor in 0.37 ms, found 2 plugins.
Preloading 0 native plugins for Editor in 0.00 ms.
Mono: successfully reloaded assembly
- Completed reload, in  1.098 seconds
Platform modules already initialized, skipping
Refreshing native plugins compatible for Editor in 0.38 ms, found 2 plugins.
Preloading 0 native plugins for Editor in 0.00 ms.
Unloading 1827 Unused Serialized files (Serialized files now loaded: 0)
System memory in use before: 84.6 MB.
System memory in use after: 84.7 MB.

Unloading 17 unused Assets to reduce memory usage. Loaded Objects now: 2341.
Total: 2.294900 ms (FindLiveObjects: 0.174100 ms CreateObjectMapping: 0.059700 ms MarkObjects: 1.998400 ms  DeleteObjects: 0.061800 ms)

========================================================================
Received Import Request.
  Time since last request: 188.444166 seconds.
  path: Assets/Prefabs/Shark.prefab
  artifactKey: Guid(1a8737cde5cb7a0428104cd685d6a5aa) Importer(815301076,1909f56bfc062723c751e8b465ee728b)
Start importing Assets/Prefabs/Shark.prefab using Guid(1a8737cde5cb7a0428104cd685d6a5aa) Importer(815301076,1909f56bfc062723c751e8b465ee728b)  -> (artifact id: '73b91e99b15ff39da45f3e37a9aab39c') in 0.075106 seconds
  Import took 0.078363 seconds .

========================================================================
Received Import Request.
  Time since last request: 8.213378 seconds.
  path: Assets/Prefabs/Shark.prefab
  artifactKey: Guid(1a8737cde5cb7a0428104cd685d6a5aa) Importer(815301076,1909f56bfc062723c751e8b465ee728b)
Start importing Assets/Prefabs/Shark.prefab using Guid(1a8737cde5cb7a0428104cd685d6a5aa) Importer(815301076,1909f56bfc062723c751e8b465ee728b)  -> (artifact id: 'fc76cc049d95e24eccb8a38977fea7ba') in 0.015762 seconds
  Import took 0.021246 seconds .

========================================================================
Received Prepare
Registering precompiled user dll's ...
Registered in 0.004148 seconds.
Begin MonoManager ReloadAssembly
Native extension for WindowsStandalone target not found
Refreshing native plugins compatible for Editor in 0.35 ms, found 2 plugins.
Preloading 0 native plugins for Editor in 0.00 ms.
Mono: successfully reloaded assembly
- Completed reload, in  1.095 seconds
Platform modules already initialized, skipping
Refreshing native plugins compatible for Editor in 0.34 ms, found 2 plugins.
Preloading 0 native plugins for Editor in 0.00 ms.
Unloading 1826 Unused Serialized files (Serialized files now loaded: 0)
System memory in use before: 84.6 MB.
System memory in use after: 84.6 MB.

Unloading 17 unused Assets to reduce memory usage. Loaded Objects now: 2345.
Total: 2.374700 ms (FindLiveObjects: 0.198800 ms CreateObjectMapping: 0.070200 ms MarkObjects: 2.041200 ms  DeleteObjects: 0.063600 ms)

========================================================================
Received Import Request.
  Time since last request: 115.854569 seconds.
  path: Assets/Prefabs/New Prefab.prefab
  artifactKey: Guid(b5aa2ff79eef6e74497fd97ab60cbc05) Importer(815301076,1909f56bfc062723c751e8b465ee728b)
Start importing Assets/Prefabs/New Prefab.prefab using Guid(b5aa2ff79eef6e74497fd97ab60cbc05) Importer(815301076,1909f56bfc062723c751e8b465ee728b)  -> (artifact id: '4288edba4c3a3e247938d26d653d47c4') in 0.028881 seconds
  Import took 0.037724 seconds .

========================================================================
Received Import Request.
  Time since last request: 4.090654 seconds.
  path: Assets/Prefabs/New Prefab.prefab
  artifactKey: Guid(b5aa2ff79eef6e74497fd97ab60cbc05) Importer(815301076,1909f56bfc062723c751e8b465ee728b)
Start importing Assets/Prefabs/New Prefab.prefab using Guid(b5aa2ff79eef6e74497fd97ab60cbc05) Importer(815301076,1909f56bfc062723c751e8b465ee728b)  -> (artifact id: '98041e912d6e6b2e9e18310a78c4eecd') in 0.057232 seconds
  Import took 0.065536 seconds .

========================================================================
Received Import Request.
  Time since last request: 34.538941 seconds.
  path: Assets/Prefabs/SharkBody.prefab
  artifactKey: Guid(353ebec8bd9bf054f8b43f2b3f68f8ca) Importer(815301076,1909f56bfc062723c751e8b465ee728b)
Start importing Assets/Prefabs/SharkBody.prefab using Guid(353ebec8bd9bf054f8b43f2b3f68f8ca) Importer(815301076,1909f56bfc062723c751e8b465ee728b)  -> (artifact id: '8738dd9d982a1dfa4663ccdff6e637ca') in 0.013376 seconds
  Import took 0.016757 seconds .

========================================================================
Received Import Request.
  Time since last request: 0.000898 seconds.
  path: Assets/Prefabs/SharkBody.prefab
  artifactKey: Guid(353ebec8bd9bf054f8b43f2b3f68f8ca) Importer(815301076,1909f56bfc062723c751e8b465ee728b)
Start importing Assets/Prefabs/SharkBody.prefab using Guid(353ebec8bd9bf054f8b43f2b3f68f8ca) Importer(815301076,1909f56bfc062723c751e8b465ee728b)  -> (artifact id: '8738dd9d982a1dfa4663ccdff6e637ca') in 0.014357 seconds
  Import took 0.017400 seconds .

========================================================================
Received Prepare
Registering precompiled user dll's ...
Registered in 0.004216 seconds.
Begin MonoManager ReloadAssembly
Native extension for WindowsStandalone target not found
Refreshing native plugins compatible for Editor in 0.34 ms, found 2 plugins.
Preloading 0 native plugins for Editor in 0.00 ms.
Mono: successfully reloaded assembly
- Completed reload, in  1.025 seconds
Platform modules already initialized, skipping
Refreshing native plugins compatible for Editor in 0.41 ms, found 2 plugins.
Preloading 0 native plugins for Editor in 0.00 ms.
Unloading 1826 Unused Serialized files (Serialized files now loaded: 0)
System memory in use before: 84.6 MB.
System memory in use after: 84.6 MB.

Unloading 17 unused Assets to reduce memory usage. Loaded Objects now: 2349.
Total: 2.612200 ms (FindLiveObjects: 0.198700 ms CreateObjectMapping: 0.060600 ms MarkObjects: 2.291400 ms  DeleteObjects: 0.060600 ms)

========================================================================
Received Import Request.
  Time since last request: 72.852854 seconds.
  path: Assets/Prefabs/Shark.prefab
  artifactKey: Guid(1a8737cde5cb7a0428104cd685d6a5aa) Importer(815301076,1909f56bfc062723c751e8b465ee728b)
Start importing Assets/Prefabs/Shark.prefab using Guid(1a8737cde5cb7a0428104cd685d6a5aa) Importer(815301076,1909f56bfc062723c751e8b465ee728b)  -> (artifact id: '8232cd46a92b54fb50d39d3d82210e76') in 0.091122 seconds
  Import took 0.094732 seconds .

========================================================================
Received Import Request.
  Time since last request: 5.334539 seconds.
  path: Assets/Prefabs/Shark.prefab
  artifactKey: Guid(1a8737cde5cb7a0428104cd685d6a5aa) Importer(815301076,1909f56bfc062723c751e8b465ee728b)
Start importing Assets/Prefabs/Shark.prefab using Guid(1a8737cde5cb7a0428104cd685d6a5aa) Importer(815301076,1909f56bfc062723c751e8b465ee728b)  -> (artifact id: '65b75eeecc5070ada04f57dfa14664f3') in 0.010072 seconds
  Import took 0.014085 seconds .

========================================================================
Received Import Request.
  Time since last request: 106.252063 seconds.
  path: Assets/Prefabs/Shark.prefab
  artifactKey: Guid(1a8737cde5cb7a0428104cd685d6a5aa) Importer(815301076,1909f56bfc062723c751e8b465ee728b)
Start importing Assets/Prefabs/Shark.prefab using Guid(1a8737cde5cb7a0428104cd685d6a5aa) Importer(815301076,1909f56bfc062723c751e8b465ee728b)  -> (artifact id: '4a6467f084bec0b77c26af42424f7836') in 0.016724 seconds
  Import took 0.020530 seconds .

========================================================================
Received Prepare
Registering precompiled user dll's ...
Registered in 0.004591 seconds.
Begin MonoManager ReloadAssembly
Native extension for WindowsStandalone target not found
Refreshing native plugins compatible for Editor in 0.72 ms, found 2 plugins.
Preloading 0 native plugins for Editor in 0.00 ms.
Mono: successfully reloaded assembly
- Completed reload, in  1.055 seconds
Platform modules already initialized, skipping
Refreshing native plugins compatible for Editor in 0.33 ms, found 2 plugins.
Preloading 0 native plugins for Editor in 0.00 ms.
Unloading 1826 Unused Serialized files (Serialized files now loaded: 0)
System memory in use before: 84.6 MB.
System memory in use after: 84.7 MB.

Unloading 17 unused Assets to reduce memory usage. Loaded Objects now: 2353.
Total: 2.310200 ms (FindLiveObjects: 0.181700 ms CreateObjectMapping: 0.058300 ms MarkObjects: 2.005800 ms  DeleteObjects: 0.063400 ms)

========================================================================
Received Import Request.
  Time since last request: 103.497596 seconds.
  path: Assets/Prefabs/Shark.prefab
  artifactKey: Guid(1a8737cde5cb7a0428104cd685d6a5aa) Importer(815301076,1909f56bfc062723c751e8b465ee728b)
Start importing Assets/Prefabs/Shark.prefab using Guid(1a8737cde5cb7a0428104cd685d6a5aa) Importer(815301076,1909f56bfc062723c751e8b465ee728b)  -> (artifact id: 'e8e984c2435b5077e6427523719a99ef') in 0.067575 seconds
  Import took 0.070625 seconds .

========================================================================
Received Import Request.
  Time since last request: 0.685408 seconds.
  path: Assets/Prefabs/Shark.prefab
  artifactKey: Guid(1a8737cde5cb7a0428104cd685d6a5aa) Importer(815301076,1909f56bfc062723c751e8b465ee728b)
Start importing Assets/Prefabs/Shark.prefab using Guid(1a8737cde5cb7a0428104cd685d6a5aa) Importer(815301076,1909f56bfc062723c751e8b465ee728b)  -> (artifact id: '5d2ac446f824589e71715f795b6102f3') in 0.010131 seconds
  Import took 0.012890 seconds .

========================================================================
Received Import Request.
  Time since last request: 15.584851 seconds.
  path: Assets/Prefabs/Shark.prefab
  artifactKey: Guid(1a8737cde5cb7a0428104cd685d6a5aa) Importer(815301076,1909f56bfc062723c751e8b465ee728b)
Start importing Assets/Prefabs/Shark.prefab using Guid(1a8737cde5cb7a0428104cd685d6a5aa) Importer(815301076,1909f56bfc062723c751e8b465ee728b)  -> (artifact id: '0a71619688bc4b7136452a3c3ff51130') in 0.009710 seconds
  Import took 0.013370 seconds .

========================================================================
Received Prepare
Registering precompiled user dll's ...
Registered in 0.004262 seconds.
Begin MonoManager ReloadAssembly
Native extension for WindowsStandalone target not found
Refreshing native plugins compatible for Editor in 0.51 ms, found 2 plugins.
Preloading 0 native plugins for Editor in 0.00 ms.
Mono: successfully reloaded assembly
- Completed reload, in  1.130 seconds
Platform modules already initialized, skipping
Refreshing native plugins compatible for Editor in 0.32 ms, found 2 plugins.
Preloading 0 native plugins for Editor in 0.00 ms.
Unloading 1826 Unused Serialized files (Serialized files now loaded: 0)
System memory in use before: 84.6 MB.
System memory in use after: 84.7 MB.

Unloading 17 unused Assets to reduce memory usage. Loaded Objects now: 2357.
Total: 2.571100 ms (FindLiveObjects: 0.171800 ms CreateObjectMapping: 0.056000 ms MarkObjects: 2.282700 ms  DeleteObjects: 0.059600 ms)

========================================================================
Received Prepare
Registering precompiled user dll's ...
Registered in 0.004375 seconds.
Begin MonoManager ReloadAssembly
Native extension for WindowsStandalone target not found
Refreshing native plugins compatible for Editor in 0.34 ms, found 2 plugins.
Preloading 0 native plugins for Editor in 0.00 ms.
Mono: successfully reloaded assembly
- Completed reload, in  1.143 seconds
Platform modules already initialized, skipping
Refreshing native plugins compatible for Editor in 0.34 ms, found 2 plugins.
Preloading 0 native plugins for Editor in 0.00 ms.
Unloading 1826 Unused Serialized files (Serialized files now loaded: 0)
System memory in use before: 84.6 MB.
System memory in use after: 84.7 MB.

Unloading 16 unused Assets to reduce memory usage. Loaded Objects now: 2360.
Total: 2.740700 ms (FindLiveObjects: 0.186000 ms CreateObjectMapping: 0.054300 ms MarkObjects: 2.386000 ms  DeleteObjects: 0.113500 ms)

========================================================================
Received Prepare
Registering precompiled user dll's ...
Registered in 0.003670 seconds.
Begin MonoManager ReloadAssembly
Native extension for WindowsStandalone target not found
Refreshing native plugins compatible for Editor in 0.37 ms, found 2 plugins.
Preloading 0 native plugins for Editor in 0.00 ms.
Mono: successfully reloaded assembly
- Completed reload, in  1.064 seconds
Platform modules already initialized, skipping
Refreshing native plugins compatible for Editor in 0.33 ms, found 2 plugins.
Preloading 0 native plugins for Editor in 0.00 ms.
Unloading 1826 Unused Serialized files (Serialized files now loaded: 0)
System memory in use before: 84.6 MB.
System memory in use after: 84.7 MB.

Unloading 16 unused Assets to reduce memory usage. Loaded Objects now: 2363.
Total: 2.414500 ms (FindLiveObjects: 0.178300 ms CreateObjectMapping: 0.052400 ms MarkObjects: 2.127300 ms  DeleteObjects: 0.055700 ms)

========================================================================
Received Prepare
Registering precompiled user dll's ...
Registered in 0.004108 seconds.
Begin MonoManager ReloadAssembly
Native extension for WindowsStandalone target not found
Refreshing native plugins compatible for Editor in 0.56 ms, found 2 plugins.
Preloading 0 native plugins for Editor in 0.00 ms.
Mono: successfully reloaded assembly
- Completed reload, in  1.141 seconds
Platform modules already initialized, skipping
Refreshing native plugins compatible for Editor in 0.35 ms, found 2 plugins.
Preloading 0 native plugins for Editor in 0.00 ms.
Unloading 1826 Unused Serialized files (Serialized files now loaded: 0)
System memory in use before: 84.7 MB.
System memory in use after: 84.7 MB.

Unloading 16 unused Assets to reduce memory usage. Loaded Objects now: 2366.
Total: 2.228600 ms (FindLiveObjects: 0.192100 ms CreateObjectMapping: 0.061100 ms MarkObjects: 1.915800 ms  DeleteObjects: 0.058500 ms)

========================================================================
Received Import Request.
  Time since last request: 585.393279 seconds.
  path: Assets/Scripts/SharkMovement.cs
  artifactKey: Guid(cc897dd5e30a1c441aa69f1f21e1a937) Importer(815301076,1909f56bfc062723c751e8b465ee728b)
Start importing Assets/Scripts/SharkMovement.cs using Guid(cc897dd5e30a1c441aa69f1f21e1a937) Importer(815301076,1909f56bfc062723c751e8b465ee728b)  -> (artifact id: '84118d54d58c9a459771783e50f3e9b7') in 0.004622 seconds
  Import took 0.007372 seconds .

========================================================================
Received Import Request.
  Time since last request: 0.028699 seconds.
  path: Assets/Scripts/SharkMovement.cs
  artifactKey: Guid(cc897dd5e30a1c441aa69f1f21e1a937) Importer(815301076,1909f56bfc062723c751e8b465ee728b)
Start importing Assets/Scripts/SharkMovement.cs using Guid(cc897dd5e30a1c441aa69f1f21e1a937) Importer(815301076,1909f56bfc062723c751e8b465ee728b)  -> (artifact id: '84118d54d58c9a459771783e50f3e9b7') in 0.002259 seconds
  Import took 0.005888 seconds .

========================================================================
Received Prepare
Registering precompiled user dll's ...
Registered in 0.003688 seconds.
Begin MonoManager ReloadAssembly
Native extension for WindowsStandalone target not found
Refreshing native plugins compatible for Editor in 0.34 ms, found 2 plugins.
Preloading 0 native plugins for Editor in 0.00 ms.
Mono: successfully reloaded assembly
- Completed reload, in  1.134 seconds
Platform modules already initialized, skipping
Refreshing native plugins compatible for Editor in 0.38 ms, found 2 plugins.
Preloading 0 native plugins for Editor in 0.00 ms.
Unloading 1826 Unused Serialized files (Serialized files now loaded: 0)
System memory in use before: 84.7 MB.
System memory in use after: 84.7 MB.

Unloading 16 unused Assets to reduce memory usage. Loaded Objects now: 2369.
Total: 2.598500 ms (FindLiveObjects: 0.168800 ms CreateObjectMapping: 0.060700 ms MarkObjects: 2.308500 ms  DeleteObjects: 0.059400 ms)

========================================================================
Received Prepare
Registering precompiled user dll's ...
Registered in 0.003737 seconds.
Begin MonoManager ReloadAssembly
Native extension for WindowsStandalone target not found
Refreshing native plugins compatible for Editor in 0.34 ms, found 2 plugins.
Preloading 0 native plugins for Editor in 0.00 ms.
Mono: successfully reloaded assembly
- Completed reload, in  1.075 seconds
Platform modules already initialized, skipping
Refreshing native plugins compatible for Editor in 0.33 ms, found 2 plugins.
Preloading 0 native plugins for Editor in 0.00 ms.
Unloading 1826 Unused Serialized files (Serialized files now loaded: 0)
System memory in use before: 84.7 MB.
System memory in use after: 84.7 MB.

Unloading 16 unused Assets to reduce memory usage. Loaded Objects now: 2372.
Total: 1.943000 ms (FindLiveObjects: 0.157100 ms CreateObjectMapping: 0.055700 ms MarkObjects: 1.677400 ms  DeleteObjects: 0.051800 ms)

========================================================================
Received Import Request.
  Time since last request: 85.590724 seconds.
  path: Assets/Scenes/SampleScene.unity
  artifactKey: Guid(9fc0d4010bbf28b4594072e72b8655ab) Importer(815301076,1909f56bfc062723c751e8b465ee728b)
Start importing Assets/Scenes/SampleScene.unity using Guid(9fc0d4010bbf28b4594072e72b8655ab) Importer(815301076,1909f56bfc062723c751e8b465ee728b)  -> (artifact id: '90e2f6ebb1e607c9af9b203d169f2939') in 0.019741 seconds
  Import took 0.022704 seconds .

========================================================================
Received Prepare
Registering precompiled user dll's ...
Registered in 0.004816 seconds.
Begin MonoManager ReloadAssembly
Native extension for WindowsStandalone target not found
Refreshing native plugins compatible for Editor in 0.34 ms, found 2 plugins.
Preloading 0 native plugins for Editor in 0.00 ms.
Mono: successfully reloaded assembly
- Completed reload, in  1.062 seconds
Platform modules already initialized, skipping
Refreshing native plugins compatible for Editor in 0.40 ms, found 2 plugins.
Preloading 0 native plugins for Editor in 0.00 ms.
Unloading 1826 Unused Serialized files (Serialized files now loaded: 0)
System memory in use before: 84.7 MB.
System memory in use after: 84.8 MB.

Unloading 16 unused Assets to reduce memory usage. Loaded Objects now: 2375.
Total: 2.223700 ms (FindLiveObjects: 0.180300 ms CreateObjectMapping: 0.052900 ms MarkObjects: 1.934600 ms  DeleteObjects: 0.055200 ms)

========================================================================
Received Import Request.
  Time since last request: 4.929052 seconds.
  path: Assets/Scenes/SampleScene.unity
  artifactKey: Guid(9fc0d4010bbf28b4594072e72b8655ab) Importer(815301076,1909f56bfc062723c751e8b465ee728b)
Start importing Assets/Scenes/SampleScene.unity using Guid(9fc0d4010bbf28b4594072e72b8655ab) Importer(815301076,1909f56bfc062723c751e8b465ee728b)  -> (artifact id: 'b2f7545fa7112e17e918b329c1f41297') in 0.013368 seconds
  Import took 0.016501 seconds .

========================================================================
Received Prepare
Registering precompiled user dll's ...
Registered in 0.004236 seconds.
Begin MonoManager ReloadAssembly
Native extension for WindowsStandalone target not found
Refreshing native plugins compatible for Editor in 0.35 ms, found 2 plugins.
Preloading 0 native plugins for Editor in 0.00 ms.
Mono: successfully reloaded assembly
- Completed reload, in  1.080 seconds
Platform modules already initialized, skipping
Refreshing native plugins compatible for Editor in 0.33 ms, found 2 plugins.
Preloading 0 native plugins for Editor in 0.00 ms.
Unloading 1826 Unused Serialized files (Serialized files now loaded: 0)
System memory in use before: 84.7 MB.
System memory in use after: 84.8 MB.

Unloading 16 unused Assets to reduce memory usage. Loaded Objects now: 2378.
Total: 2.731200 ms (FindLiveObjects: 0.191600 ms CreateObjectMapping: 0.058400 ms MarkObjects: 2.376800 ms  DeleteObjects: 0.103400 ms)

========================================================================
Received Prepare
Registering precompiled user dll's ...
Registered in 0.003796 seconds.
Begin MonoManager ReloadAssembly
Native extension for WindowsStandalone target not found
Refreshing native plugins compatible for Editor in 0.80 ms, found 2 plugins.
Preloading 0 native plugins for Editor in 0.00 ms.
Mono: successfully reloaded assembly
- Completed reload, in  1.175 seconds
Platform modules already initialized, skipping
Refreshing native plugins compatible for Editor in 0.38 ms, found 2 plugins.
Preloading 0 native plugins for Editor in 0.00 ms.
Unloading 1826 Unused Serialized files (Serialized files now loaded: 0)
System memory in use before: 84.7 MB.
System memory in use after: 84.8 MB.

Unloading 16 unused Assets to reduce memory usage. Loaded Objects now: 2381.
Total: 3.168200 ms (FindLiveObjects: 0.242800 ms CreateObjectMapping: 0.097600 ms MarkObjects: 2.745200 ms  DeleteObjects: 0.081700 ms)

========================================================================
Received Prepare
Registering precompiled user dll's ...
Registered in 0.003895 seconds.
Begin MonoManager ReloadAssembly
Native extension for WindowsStandalone target not found
Refreshing native plugins compatible for Editor in 0.41 ms, found 2 plugins.
Preloading 0 native plugins for Editor in 0.00 ms.
Mono: successfully reloaded assembly
- Completed reload, in  1.104 seconds
Platform modules already initialized, skipping
Refreshing native plugins compatible for Editor in 0.33 ms, found 2 plugins.
Preloading 0 native plugins for Editor in 0.00 ms.
Unloading 1826 Unused Serialized files (Serialized files now loaded: 0)
System memory in use before: 84.7 MB.
System memory in use after: 84.8 MB.

Unloading 16 unused Assets to reduce memory usage. Loaded Objects now: 2384.
Total: 2.513500 ms (FindLiveObjects: 0.171200 ms CreateObjectMapping: 0.050100 ms MarkObjects: 2.186200 ms  DeleteObjects: 0.105100 ms)

========================================================================
Received Prepare
Registering precompiled user dll's ...
Registered in 0.006646 seconds.
Begin MonoManager ReloadAssembly
Native extension for WindowsStandalone target not found
Refreshing native plugins compatible for Editor in 0.54 ms, found 2 plugins.
Preloading 0 native plugins for Editor in 0.00 ms.
Mono: successfully reloaded assembly
- Completed reload, in  1.194 seconds
Platform modules already initialized, skipping
Refreshing native plugins compatible for Editor in 0.35 ms, found 2 plugins.
Preloading 0 native plugins for Editor in 0.00 ms.
Unloading 1826 Unused Serialized files (Serialized files now loaded: 0)
System memory in use before: 84.7 MB.
System memory in use after: 84.8 MB.

Unloading 16 unused Assets to reduce memory usage. Loaded Objects now: 2387.
Total: 2.410700 ms (FindLiveObjects: 0.166100 ms CreateObjectMapping: 0.061000 ms MarkObjects: 2.122700 ms  DeleteObjects: 0.060000 ms)

========================================================================
Received Import Request.
  Time since last request: 167.521043 seconds.
  path: Assets/SharkInput.inputactions
  artifactKey: Guid(caa8bd77d5da5334499a4907509a8590) Importer(815301076,1909f56bfc062723c751e8b465ee728b)
Start importing Assets/SharkInput.inputactions using Guid(caa8bd77d5da5334499a4907509a8590) Importer(815301076,1909f56bfc062723c751e8b465ee728b)  -> (artifact id: 'f9173ab7fe6a02eab03b0cae780dbff7') in 0.028748 seconds
  Import took 0.033719 seconds .

========================================================================
Received Prepare
Registering precompiled user dll's ...
Registered in 0.004111 seconds.
Begin MonoManager ReloadAssembly
Native extension for WindowsStandalone target not found
Refreshing native plugins compatible for Editor in 0.33 ms, found 2 plugins.
Preloading 0 native plugins for Editor in 0.00 ms.
Mono: successfully reloaded assembly
- Completed reload, in  1.064 seconds
Platform modules already initialized, skipping
Refreshing native plugins compatible for Editor in 0.37 ms, found 2 plugins.
Preloading 0 native plugins for Editor in 0.00 ms.
Unloading 1826 Unused Serialized files (Serialized files now loaded: 0)
System memory in use before: 84.7 MB.
System memory in use after: 84.8 MB.

Unloading 16 unused Assets to reduce memory usage. Loaded Objects now: 2390.
Total: 2.303600 ms (FindLiveObjects: 0.184000 ms CreateObjectMapping: 0.052600 ms MarkObjects: 2.007100 ms  DeleteObjects: 0.059000 ms)

========================================================================
Received Prepare
Registering precompiled user dll's ...
Registered in 0.003704 seconds.
Begin MonoManager ReloadAssembly
Native extension for WindowsStandalone target not found
Refreshing native plugins compatible for Editor in 0.33 ms, found 2 plugins.
Preloading 0 native plugins for Editor in 0.00 ms.
Mono: successfully reloaded assembly
- Completed reload, in  1.083 seconds
Platform modules already initialized, skipping
Refreshing native plugins compatible for Editor in 0.50 ms, found 2 plugins.
Preloading 0 native plugins for Editor in 0.00 ms.
Unloading 1826 Unused Serialized files (Serialized files now loaded: 0)
System memory in use before: 84.7 MB.
System memory in use after: 84.8 MB.

Unloading 16 unused Assets to reduce memory usage. Loaded Objects now: 2393.
Total: 2.556300 ms (FindLiveObjects: 0.178700 ms CreateObjectMapping: 0.065500 ms MarkObjects: 2.247700 ms  DeleteObjects: 0.063300 ms)

========================================================================
Received Prepare
Registering precompiled user dll's ...
Registered in 0.003756 seconds.
Begin MonoManager ReloadAssembly
Native extension for WindowsStandalone target not found
Refreshing native plugins compatible for Editor in 0.40 ms, found 2 plugins.
Preloading 0 native plugins for Editor in 0.00 ms.
Mono: successfully reloaded assembly
- Completed reload, in  1.091 seconds
Platform modules already initialized, skipping
Refreshing native plugins compatible for Editor in 0.34 ms, found 2 plugins.
Preloading 0 native plugins for Editor in 0.00 ms.
Unloading 1826 Unused Serialized files (Serialized files now loaded: 0)
System memory in use before: 84.8 MB.
System memory in use after: 84.8 MB.

Unloading 16 unused Assets to reduce memory usage. Loaded Objects now: 2396.
Total: 2.174500 ms (FindLiveObjects: 0.154800 ms CreateObjectMapping: 0.053300 ms MarkObjects: 1.911200 ms  DeleteObjects: 0.054400 ms)

========================================================================
Received Prepare
Registering precompiled user dll's ...
Registered in 0.004080 seconds.
Begin MonoManager ReloadAssembly
Native extension for WindowsStandalone target not found
Refreshing native plugins compatible for Editor in 0.33 ms, found 2 plugins.
Preloading 0 native plugins for Editor in 0.00 ms.
Mono: successfully reloaded assembly
- Completed reload, in  1.067 seconds
Platform modules already initialized, skipping
Refreshing native plugins compatible for Editor in 0.36 ms, found 2 plugins.
Preloading 0 native plugins for Editor in 0.00 ms.
Unloading 1826 Unused Serialized files (Serialized files now loaded: 0)
System memory in use before: 84.8 MB.
System memory in use after: 84.8 MB.

Unloading 16 unused Assets to reduce memory usage. Loaded Objects now: 2399.
Total: 2.198500 ms (FindLiveObjects: 0.160700 ms CreateObjectMapping: 0.055100 ms MarkObjects: 1.928200 ms  DeleteObjects: 0.053500 ms)

========================================================================
Received Import Request.
  Time since last request: 252.042972 seconds.
  path: Assets/Prefabs/Shark.prefab
  artifactKey: Guid(1a8737cde5cb7a0428104cd685d6a5aa) Importer(815301076,1909f56bfc062723c751e8b465ee728b)
Start importing Assets/Prefabs/Shark.prefab using Guid(1a8737cde5cb7a0428104cd685d6a5aa) Importer(815301076,1909f56bfc062723c751e8b465ee728b)  -> (artifact id: 'b03c42f03223c15c322c5d425a88c704') in 0.085848 seconds
  Import took 0.089336 seconds .

========================================================================
Received Import Request.
  Time since last request: 3.321195 seconds.
  path: Assets/Prefabs/Shark.prefab
  artifactKey: Guid(1a8737cde5cb7a0428104cd685d6a5aa) Importer(815301076,1909f56bfc062723c751e8b465ee728b)
Start importing Assets/Prefabs/Shark.prefab using Guid(1a8737cde5cb7a0428104cd685d6a5aa) Importer(815301076,1909f56bfc062723c751e8b465ee728b)  -> (artifact id: '65b1a442762acf845589b7d6a18dd2d8') in 0.010202 seconds
  Import took 0.013098 seconds .

========================================================================
Received Prepare
Registering precompiled user dll's ...
Registered in 0.003740 seconds.
Begin MonoManager ReloadAssembly
Native extension for WindowsStandalone target not found
Refreshing native plugins compatible for Editor in 0.33 ms, found 2 plugins.
Preloading 0 native plugins for Editor in 0.00 ms.
Mono: successfully reloaded assembly
- Completed reload, in  1.058 seconds
Platform modules already initialized, skipping
Refreshing native plugins compatible for Editor in 0.33 ms, found 2 plugins.
Preloading 0 native plugins for Editor in 0.00 ms.
Unloading 1826 Unused Serialized files (Serialized files now loaded: 0)
System memory in use before: 84.8 MB.
System memory in use after: 84.8 MB.

Unloading 17 unused Assets to reduce memory usage. Loaded Objects now: 2403.
Total: 2.093100 ms (FindLiveObjects: 0.163700 ms CreateObjectMapping: 0.059300 ms MarkObjects: 1.811300 ms  DeleteObjects: 0.057700 ms)

========================================================================
Received Prepare
Registering precompiled user dll's ...
Registered in 0.003707 seconds.
Begin MonoManager ReloadAssembly
Native extension for WindowsStandalone target not found
Refreshing native plugins compatible for Editor in 0.44 ms, found 2 plugins.
Preloading 0 native plugins for Editor in 0.00 ms.
Mono: successfully reloaded assembly
- Completed reload, in  1.067 seconds
Platform modules already initialized, skipping
Refreshing native plugins compatible for Editor in 0.35 ms, found 2 plugins.
Preloading 0 native plugins for Editor in 0.00 ms.
Unloading 1826 Unused Serialized files (Serialized files now loaded: 0)
System memory in use before: 84.8 MB.
System memory in use after: 84.8 MB.

Unloading 16 unused Assets to reduce memory usage. Loaded Objects now: 2406.
Total: 2.156000 ms (FindLiveObjects: 0.208700 ms CreateObjectMapping: 0.073200 ms MarkObjects: 1.811500 ms  DeleteObjects: 0.061600 ms)

========================================================================
Received Import Request.
  Time since last request: 214.721834 seconds.
  path: Assets/Prefabs/Shark.prefab
  artifactKey: Guid(1a8737cde5cb7a0428104cd685d6a5aa) Importer(815301076,1909f56bfc062723c751e8b465ee728b)
Start importing Assets/Prefabs/Shark.prefab using Guid(1a8737cde5cb7a0428104cd685d6a5aa) Importer(815301076,1909f56bfc062723c751e8b465ee728b)  -> (artifact id: 'a2dec45d9665f59d7fee81d7fdaa5197') in 0.070363 seconds
  Import took 0.079619 seconds .

========================================================================
Received Prepare
Registering precompiled user dll's ...
Registered in 0.004023 seconds.
Begin MonoManager ReloadAssembly
Native extension for WindowsStandalone target not found
Refreshing native plugins compatible for Editor in 0.34 ms, found 2 plugins.
Preloading 0 native plugins for Editor in 0.00 ms.
Mono: successfully reloaded assembly
- Completed reload, in  1.182 seconds
Platform modules already initialized, skipping
Refreshing native plugins compatible for Editor in 0.64 ms, found 2 plugins.
Preloading 0 native plugins for Editor in 0.00 ms.
Unloading 1794 Unused Serialized files (Serialized files now loaded: 0)
System memory in use before: 84.1 MB.
System memory in use after: 84.2 MB.

Unloading 17 unused Assets to reduce memory usage. Loaded Objects now: 2410.
Total: 2.265200 ms (FindLiveObjects: 0.192500 ms CreateObjectMapping: 0.056100 ms MarkObjects: 1.948400 ms  DeleteObjects: 0.067300 ms)

========================================================================
Received Prepare
Registering precompiled user dll's ...
Registered in 0.004301 seconds.
Begin MonoManager ReloadAssembly
Native extension for WindowsStandalone target not found
Refreshing native plugins compatible for Editor in 0.60 ms, found 2 plugins.
Preloading 0 native plugins for Editor in 0.00 ms.
Mono: successfully reloaded assembly
- Completed reload, in  1.107 seconds
Platform modules already initialized, skipping
Refreshing native plugins compatible for Editor in 0.32 ms, found 2 plugins.
Preloading 0 native plugins for Editor in 0.00 ms.
Unloading 1794 Unused Serialized files (Serialized files now loaded: 0)
System memory in use before: 84.1 MB.
System memory in use after: 84.2 MB.

Unloading 16 unused Assets to reduce memory usage. Loaded Objects now: 2413.
Total: 2.434900 ms (FindLiveObjects: 0.168800 ms CreateObjectMapping: 0.056100 ms MarkObjects: 2.150300 ms  DeleteObjects: 0.058700 ms)

========================================================================
Received Prepare
Registering precompiled user dll's ...
Registered in 0.003845 seconds.
Begin MonoManager ReloadAssembly
Native extension for WindowsStandalone target not found
Refreshing native plugins compatible for Editor in 0.34 ms, found 2 plugins.
Preloading 0 native plugins for Editor in 0.00 ms.
Mono: successfully reloaded assembly
- Completed reload, in  1.189 seconds
Platform modules already initialized, skipping
Refreshing native plugins compatible for Editor in 0.36 ms, found 2 plugins.
Preloading 0 native plugins for Editor in 0.00 ms.
Unloading 1794 Unused Serialized files (Serialized files now loaded: 0)
System memory in use before: 84.1 MB.
System memory in use after: 84.2 MB.

Unloading 16 unused Assets to reduce memory usage. Loaded Objects now: 2416.
Total: 1.993800 ms (FindLiveObjects: 0.171900 ms CreateObjectMapping: 0.058100 ms MarkObjects: 1.704800 ms  DeleteObjects: 0.058100 ms)

========================================================================
Received Prepare
Registering precompiled user dll's ...
Registered in 0.003667 seconds.
Begin MonoManager ReloadAssembly
Native extension for WindowsStandalone target not found
Refreshing native plugins compatible for Editor in 0.35 ms, found 2 plugins.
Preloading 0 native plugins for Editor in 0.00 ms.
Mono: successfully reloaded assembly
- Completed reload, in  1.176 seconds
Platform modules already initialized, skipping
Refreshing native plugins compatible for Editor in 0.39 ms, found 2 plugins.
Preloading 0 native plugins for Editor in 0.00 ms.
Unloading 1794 Unused Serialized files (Serialized files now loaded: 0)
System memory in use before: 84.1 MB.
System memory in use after: 84.2 MB.

Unloading 16 unused Assets to reduce memory usage. Loaded Objects now: 2419.
Total: 2.269900 ms (FindLiveObjects: 0.181200 ms CreateObjectMapping: 0.053500 ms MarkObjects: 1.966700 ms  DeleteObjects: 0.067700 ms)

========================================================================
Received Prepare
Registering precompiled user dll's ...
Registered in 0.003928 seconds.
Begin MonoManager ReloadAssembly
Native extension for WindowsStandalone target not found
Refreshing native plugins compatible for Editor in 0.33 ms, found 2 plugins.
Preloading 0 native plugins for Editor in 0.00 ms.
Mono: successfully reloaded assembly
- Completed reload, in  1.030 seconds
Platform modules already initialized, skipping
Refreshing native plugins compatible for Editor in 0.34 ms, found 2 plugins.
Preloading 0 native plugins for Editor in 0.00 ms.
Unloading 1794 Unused Serialized files (Serialized files now loaded: 0)
System memory in use before: 84.1 MB.
System memory in use after: 84.2 MB.

Unloading 16 unused Assets to reduce memory usage. Loaded Objects now: 2422.
Total: 3.238500 ms (FindLiveObjects: 0.405000 ms CreateObjectMapping: 0.111400 ms MarkObjects: 2.651300 ms  DeleteObjects: 0.069400 ms)

========================================================================
Received Prepare
Registering precompiled user dll's ...
Registered in 0.004700 seconds.
Begin MonoManager ReloadAssembly
Native extension for WindowsStandalone target not found
Refreshing native plugins compatible for Editor in 0.35 ms, found 2 plugins.
Preloading 0 native plugins for Editor in 0.00 ms.
Mono: successfully reloaded assembly
- Completed reload, in  1.097 seconds
Platform modules already initialized, skipping
Refreshing native plugins compatible for Editor in 0.33 ms, found 2 plugins.
Preloading 0 native plugins for Editor in 0.00 ms.
Unloading 1794 Unused Serialized files (Serialized files now loaded: 0)
System memory in use before: 84.1 MB.
System memory in use after: 84.2 MB.

Unloading 16 unused Assets to reduce memory usage. Loaded Objects now: 2425.
Total: 2.427800 ms (FindLiveObjects: 0.175500 ms CreateObjectMapping: 0.056400 ms MarkObjects: 2.135600 ms  DeleteObjects: 0.059300 ms)

========================================================================
Received Prepare
Registering precompiled user dll's ...
Registered in 0.004594 seconds.
Begin MonoManager ReloadAssembly
Native extension for WindowsStandalone target not found
Refreshing native plugins compatible for Editor in 0.34 ms, found 2 plugins.
Preloading 0 native plugins for Editor in 0.00 ms.
Mono: successfully reloaded assembly
- Completed reload, in  1.046 seconds
Platform modules already initialized, skipping
Refreshing native plugins compatible for Editor in 0.35 ms, found 2 plugins.
Preloading 0 native plugins for Editor in 0.00 ms.
Unloading 1794 Unused Serialized files (Serialized files now loaded: 0)
System memory in use before: 84.1 MB.
System memory in use after: 84.2 MB.

Unloading 16 unused Assets to reduce memory usage. Loaded Objects now: 2428.
Total: 2.380700 ms (FindLiveObjects: 0.283500 ms CreateObjectMapping: 0.059200 ms MarkObjects: 1.973700 ms  DeleteObjects: 0.063500 ms)

========================================================================
Received Prepare
Registering precompiled user dll's ...
Registered in 0.003681 seconds.
Begin MonoManager ReloadAssembly
Native extension for WindowsStandalone target not found
Refreshing native plugins compatible for Editor in 0.33 ms, found 2 plugins.
Preloading 0 native plugins for Editor in 0.00 ms.
Mono: successfully reloaded assembly
- Completed reload, in  1.092 seconds
Platform modules already initialized, skipping
Refreshing native plugins compatible for Editor in 0.35 ms, found 2 plugins.
Preloading 0 native plugins for Editor in 0.00 ms.
Unloading 1794 Unused Serialized files (Serialized files now loaded: 0)
System memory in use before: 84.1 MB.
System memory in use after: 84.2 MB.

Unloading 16 unused Assets to reduce memory usage. Loaded Objects now: 2431.
Total: 2.130200 ms (FindLiveObjects: 0.167600 ms CreateObjectMapping: 0.055400 ms MarkObjects: 1.851400 ms  DeleteObjects: 0.054900 ms)

========================================================================
Received Import Request.
  Time since last request: 888.703003 seconds.
  path: Assets/Prefabs/Shark.prefab
  artifactKey: Guid(1a8737cde5cb7a0428104cd685d6a5aa) Importer(815301076,1909f56bfc062723c751e8b465ee728b)
Start importing Assets/Prefabs/Shark.prefab using Guid(1a8737cde5cb7a0428104cd685d6a5aa) Importer(815301076,1909f56bfc062723c751e8b465ee728b)  -> (artifact id: '4eea32dc787ef7cbf5b1f3edd8311a22') in 0.088404 seconds
  Import took 0.091405 seconds .

========================================================================
Received Import Request.
  Time since last request: 19.930765 seconds.
  path: Assets/Prefabs/Shark.prefab
  artifactKey: Guid(1a8737cde5cb7a0428104cd685d6a5aa) Importer(815301076,1909f56bfc062723c751e8b465ee728b)
Start importing Assets/Prefabs/Shark.prefab using Guid(1a8737cde5cb7a0428104cd685d6a5aa) Importer(815301076,1909f56bfc062723c751e8b465ee728b)  -> (artifact id: '56eefbcf770a9a3810d0fffab1263541') in 0.016426 seconds
  Import took 0.019294 seconds .

========================================================================
Received Prepare
Registering precompiled user dll's ...
Registered in 0.004132 seconds.
Begin MonoManager ReloadAssembly
Native extension for WindowsStandalone target not found
Refreshing native plugins compatible for Editor in 0.34 ms, found 2 plugins.
Preloading 0 native plugins for Editor in 0.00 ms.
Mono: successfully reloaded assembly
- Completed reload, in  1.060 seconds
Platform modules already initialized, skipping
Refreshing native plugins compatible for Editor in 0.32 ms, found 2 plugins.
Preloading 0 native plugins for Editor in 0.00 ms.
Unloading 1794 Unused Serialized files (Serialized files now loaded: 0)
System memory in use before: 84.2 MB.
System memory in use after: 84.2 MB.

Unloading 17 unused Assets to reduce memory usage. Loaded Objects now: 2435.
Total: 2.454600 ms (FindLiveObjects: 0.180200 ms CreateObjectMapping: 0.052600 ms MarkObjects: 2.162300 ms  DeleteObjects: 0.058500 ms)

========================================================================
Received Import Request.
  Time since last request: 68.106883 seconds.
  path: Assets/Prefabs/Shark.prefab
  artifactKey: Guid(1a8737cde5cb7a0428104cd685d6a5aa) Importer(815301076,1909f56bfc062723c751e8b465ee728b)
Start importing Assets/Prefabs/Shark.prefab using Guid(1a8737cde5cb7a0428104cd685d6a5aa) Importer(815301076,1909f56bfc062723c751e8b465ee728b)  -> (artifact id: '27ea7d279c3031e461656a761d63bc60') in 0.080410 seconds
  Import took 0.084207 seconds .

========================================================================
Received Prepare
Registering precompiled user dll's ...
Registered in 0.004127 seconds.
Begin MonoManager ReloadAssembly
Native extension for WindowsStandalone target not found
Refreshing native plugins compatible for Editor in 0.33 ms, found 2 plugins.
Preloading 0 native plugins for Editor in 0.00 ms.
Mono: successfully reloaded assembly
- Completed reload, in  1.093 seconds
Platform modules already initialized, skipping
Refreshing native plugins compatible for Editor in 0.46 ms, found 2 plugins.
Preloading 0 native plugins for Editor in 0.00 ms.
Unloading 1794 Unused Serialized files (Serialized files now loaded: 0)
System memory in use before: 84.2 MB.
System memory in use after: 84.2 MB.

Unloading 17 unused Assets to reduce memory usage. Loaded Objects now: 2439.
Total: 2.317800 ms (FindLiveObjects: 0.180600 ms CreateObjectMapping: 0.064600 ms MarkObjects: 2.005200 ms  DeleteObjects: 0.066400 ms)

========================================================================
Received Prepare
Registering precompiled user dll's ...
Registered in 0.004069 seconds.
Begin MonoManager ReloadAssembly
Native extension for WindowsStandalone target not found
Refreshing native plugins compatible for Editor in 0.34 ms, found 2 plugins.
Preloading 0 native plugins for Editor in 0.00 ms.
Mono: successfully reloaded assembly
- Completed reload, in  1.082 seconds
Platform modules already initialized, skipping
Refreshing native plugins compatible for Editor in 0.33 ms, found 2 plugins.
Preloading 0 native plugins for Editor in 0.00 ms.
Unloading 1794 Unused Serialized files (Serialized files now loaded: 0)
System memory in use before: 84.2 MB.
System memory in use after: 84.2 MB.

Unloading 16 unused Assets to reduce memory usage. Loaded Objects now: 2442.
Total: 2.440300 ms (FindLiveObjects: 0.182000 ms CreateObjectMapping: 0.051700 ms MarkObjects: 2.149200 ms  DeleteObjects: 0.056600 ms)

========================================================================
Received Prepare
Registering precompiled user dll's ...
Registered in 0.003843 seconds.
Begin MonoManager ReloadAssembly
Native extension for WindowsStandalone target not found
Refreshing native plugins compatible for Editor in 0.36 ms, found 2 plugins.
Preloading 0 native plugins for Editor in 0.00 ms.
Mono: successfully reloaded assembly
- Completed reload, in  1.064 seconds
Platform modules already initialized, skipping
Refreshing native plugins compatible for Editor in 0.32 ms, found 2 plugins.
Preloading 0 native plugins for Editor in 0.00 ms.
Unloading 1794 Unused Serialized files (Serialized files now loaded: 0)
System memory in use before: 84.2 MB.
System memory in use after: 84.2 MB.

Unloading 16 unused Assets to reduce memory usage. Loaded Objects now: 2445.
Total: 2.416200 ms (FindLiveObjects: 0.191900 ms CreateObjectMapping: 0.057900 ms MarkObjects: 2.107600 ms  DeleteObjects: 0.057700 ms)

========================================================================
Received Prepare
Registering precompiled user dll's ...
Registered in 0.004407 seconds.
Begin MonoManager ReloadAssembly
Native extension for WindowsStandalone target not found
Refreshing native plugins compatible for Editor in 0.36 ms, found 2 plugins.
Preloading 0 native plugins for Editor in 0.00 ms.
Mono: successfully reloaded assembly
- Completed reload, in  1.181 seconds
Platform modules already initialized, skipping
Refreshing native plugins compatible for Editor in 0.53 ms, found 2 plugins.
Preloading 0 native plugins for Editor in 0.00 ms.
Unloading 1794 Unused Serialized files (Serialized files now loaded: 0)
System memory in use before: 84.2 MB.
System memory in use after: 84.3 MB.

Unloading 16 unused Assets to reduce memory usage. Loaded Objects now: 2448.
Total: 2.225100 ms (FindLiveObjects: 0.176200 ms CreateObjectMapping: 0.062700 ms MarkObjects: 1.922300 ms  DeleteObjects: 0.062900 ms)

========================================================================
Received Prepare
Registering precompiled user dll's ...
Registered in 0.003837 seconds.
Begin MonoManager ReloadAssembly
Native extension for WindowsStandalone target not found
Refreshing native plugins compatible for Editor in 0.37 ms, found 2 plugins.
Preloading 0 native plugins for Editor in 0.00 ms.
Mono: successfully reloaded assembly
- Completed reload, in  1.055 seconds
Platform modules already initialized, skipping
Refreshing native plugins compatible for Editor in 0.43 ms, found 2 plugins.
Preloading 0 native plugins for Editor in 0.00 ms.
Unloading 1794 Unused Serialized files (Serialized files now loaded: 0)
System memory in use before: 84.2 MB.
System memory in use after: 84.3 MB.

Unloading 16 unused Assets to reduce memory usage. Loaded Objects now: 2451.
Total: 2.175500 ms (FindLiveObjects: 0.173300 ms CreateObjectMapping: 0.057800 ms MarkObjects: 1.885000 ms  DeleteObjects: 0.058400 ms)

========================================================================
Received Import Request.
  Time since last request: 169.135523 seconds.
  path: Assets/Scripts/NewBehaviourScript.cs
  artifactKey: Guid(60fa894b899f3f140acf02d9fcd0ba21) Importer(815301076,1909f56bfc062723c751e8b465ee728b)
Start importing Assets/Scripts/NewBehaviourScript.cs using Guid(60fa894b899f3f140acf02d9fcd0ba21) Importer(815301076,1909f56bfc062723c751e8b465ee728b)  -> (artifact id: '9c96f642f1b3e03ac5be1cde2e1c2fa6') in 0.010210 seconds
  Import took 0.014204 seconds .

========================================================================
Received Prepare
Registering precompiled user dll's ...
Registered in 0.005053 seconds.
Begin MonoManager ReloadAssembly
Native extension for WindowsStandalone target not found
Refreshing native plugins compatible for Editor in 0.34 ms, found 2 plugins.
Preloading 0 native plugins for Editor in 0.00 ms.
Mono: successfully reloaded assembly
- Completed reload, in  1.083 seconds
Platform modules already initialized, skipping
Refreshing native plugins compatible for Editor in 0.33 ms, found 2 plugins.
Preloading 0 native plugins for Editor in 0.00 ms.
Unloading 1795 Unused Serialized files (Serialized files now loaded: 0)
System memory in use before: 84.2 MB.
System memory in use after: 84.3 MB.

Unloading 16 unused Assets to reduce memory usage. Loaded Objects now: 2455.
Total: 2.392900 ms (FindLiveObjects: 0.179400 ms CreateObjectMapping: 0.052000 ms MarkObjects: 2.105600 ms  DeleteObjects: 0.055200 ms)

========================================================================
Received Prepare
Registering precompiled user dll's ...
Registered in 0.003731 seconds.
Begin MonoManager ReloadAssembly
Native extension for WindowsStandalone target not found
Refreshing native plugins compatible for Editor in 0.33 ms, found 2 plugins.
Preloading 0 native plugins for Editor in 0.00 ms.
Mono: successfully reloaded assembly
- Completed reload, in  1.158 seconds
Platform modules already initialized, skipping
Refreshing native plugins compatible for Editor in 0.50 ms, found 2 plugins.
Preloading 0 native plugins for Editor in 0.00 ms.
Unloading 1795 Unused Serialized files (Serialized files now loaded: 0)
System memory in use before: 84.2 MB.
System memory in use after: 84.3 MB.

Unloading 16 unused Assets to reduce memory usage. Loaded Objects now: 2458.
Total: 2.090200 ms (FindLiveObjects: 0.168500 ms CreateObjectMapping: 0.054900 ms MarkObjects: 1.808500 ms  DeleteObjects: 0.057400 ms)

========================================================================
Received Import Request.
  Time since last request: 23.194177 seconds.
  path: Assets/Scripts/NewBehaviourScript1.cs
  artifactKey: Guid(c20cb0733a4dee4429c579d002221cef) Importer(815301076,1909f56bfc062723c751e8b465ee728b)
Start importing Assets/Scripts/NewBehaviourScript1.cs using Guid(c20cb0733a4dee4429c579d002221cef) Importer(815301076,1909f56bfc062723c751e8b465ee728b)  -> (artifact id: 'd225f4c97beccd89ca996efef7ac0777') in 0.009333 seconds
  Import took 0.012406 seconds .

========================================================================
Received Import Request.
  Time since last request: 4.451619 seconds.
  path: Assets/Scripts/NewBehaviourScript.cs
  artifactKey: Guid(60fa894b899f3f140acf02d9fcd0ba21) Importer(815301076,1909f56bfc062723c751e8b465ee728b)
Start importing Assets/Scripts/NewBehaviourScript.cs using Guid(60fa894b899f3f140acf02d9fcd0ba21) Importer(815301076,1909f56bfc062723c751e8b465ee728b)  -> (artifact id: '2dbd484f21cb99812a23ec71c0503b74') in 0.003040 seconds
  Import took 0.011613 seconds .

========================================================================
Received Prepare
Registering precompiled user dll's ...
Registered in 0.004162 seconds.
Begin MonoManager ReloadAssembly
Native extension for WindowsStandalone target not found
Refreshing native plugins compatible for Editor in 0.36 ms, found 2 plugins.
Preloading 0 native plugins for Editor in 0.00 ms.
Mono: successfully reloaded assembly
- Completed reload, in  1.095 seconds
Platform modules already initialized, skipping
Refreshing native plugins compatible for Editor in 0.68 ms, found 2 plugins.
Preloading 0 native plugins for Editor in 0.00 ms.
Unloading 1794 Unused Serialized files (Serialized files now loaded: 0)
System memory in use before: 84.2 MB.
System memory in use after: 84.3 MB.

Unloading 17 unused Assets to reduce memory usage. Loaded Objects now: 2460.
Total: 2.263500 ms (FindLiveObjects: 0.179600 ms CreateObjectMapping: 0.059200 ms MarkObjects: 1.961500 ms  DeleteObjects: 0.062000 ms)

AssetImportWorkerClient::OnTransportError - code=2 error=End of file
