Using pre-set license
Built from '2020.3/staging' branch; Version is '2020.3.11f1 (99c7afb366b3) revision 10078127'; Using compiler version '192528614'; Build Type 'Release'
OS: 'Windows 10 Home; OS build 19042.1348; Version 2009; 64bit' Language: 'en' Physical Memory: 16114 MB
BatchMode: 1, IsHumanControllingUs: 0, StartBugReporterOnCrash: 0, Is64bit: 1, IsPro: 0

 COMMAND LINE ARGUMENTS:
C:\Program Files\Unity\Hub\Editor\2020.3.11f1\Editor\Unity.exe
-adb2
-batchMode
-noUpm
-name
AssetImportWorker1
-projectPath
C:/Users/andre/Desktop/SharkPro
-logFile
Logs/AssetImportWorker1.log
-srvPort
50070
Successfully changed project path to: C:/Users/andre/Desktop/SharkPro
C:/Users/andre/Desktop/SharkPro
Using Asset Import Pipeline V2.
Refreshing native plugins compatible for Editor in 36.23 ms, found 2 plugins.
Preloading 0 native plugins for Editor in 0.00 ms.
Initialize engine version: 2020.3.11f1 (99c7afb366b3)
[Subsystems] Discovering subsystems at path C:/Program Files/Unity/Hub/Editor/2020.3.11f1/Editor/Data/Resources/UnitySubsystems
[Subsystems] Discovering subsystems at path C:/Users/andre/Desktop/SharkPro/Assets
GfxDevice: creating device client; threaded=0
Direct3D:
    Version:  Direct3D 11.0 [level 11.1]
    Renderer: NVIDIA GeForce GTX 1050 Ti with Max-Q Design (ID=0x1c8c)
    Vendor:   
    VRAM:     4021 MB
    Driver:   30.0.14.9676
Initialize mono
Mono path[0] = 'C:/Program Files/Unity/Hub/Editor/2020.3.11f1/Editor/Data/Managed'
Mono path[1] = 'C:/Program Files/Unity/Hub/Editor/2020.3.11f1/Editor/Data/MonoBleedingEdge/lib/mono/unityjit'
Mono config path = 'C:/Program Files/Unity/Hub/Editor/2020.3.11f1/Editor/Data/MonoBleedingEdge/etc'
Using monoOptions --debugger-agent=transport=dt_socket,embedding=1,server=y,suspend=n,address=127.0.0.1:56696
Begin MonoManager ReloadAssembly
Registering precompiled unity dll's ...
Register platform support module: C:/Program Files/Unity/Hub/Editor/2020.3.11f1/Editor/Data/PlaybackEngines/WindowsStandaloneSupport/UnityEditor.WindowsStandalone.Extensions.dll
Registered in 0.003019 seconds.
Native extension for WindowsStandalone target not found
Refreshing native plugins compatible for Editor in 33.16 ms, found 2 plugins.
Preloading 0 native plugins for Editor in 0.00 ms.
Mono: successfully reloaded assembly
- Completed reload, in  1.587 seconds
Platform modules already initialized, skipping
Registering precompiled user dll's ...
Registered in 0.004186 seconds.
Begin MonoManager ReloadAssembly
Native extension for WindowsStandalone target not found
Refreshing native plugins compatible for Editor in 44.02 ms, found 2 plugins.
Preloading 0 native plugins for Editor in 0.00 ms.
Mono: successfully reloaded assembly
- Completed reload, in  1.316 seconds
Platform modules already initialized, skipping
========================================================================
Worker process is ready to serve import requests
Launched and connected shader compiler UnityShaderCompiler.exe after 0.05 seconds
Refreshing native plugins compatible for Editor in 0.40 ms, found 2 plugins.
Preloading 0 native plugins for Editor in 0.00 ms.
Unloading 1804 Unused Serialized files (Serialized files now loaded: 0)
System memory in use before: 80.4 MB.
System memory in use after: 80.4 MB.

Unloading 21 unused Assets to reduce memory usage. Loaded Objects now: 2238.
Total: 2.641400 ms (FindLiveObjects: 0.263900 ms CreateObjectMapping: 0.066400 ms MarkObjects: 2.228600 ms  DeleteObjects: 0.081300 ms)

========================================================================
Received Import Request.
  path: Assets/Scripts/SpawnManager.cs
  artifactKey: Guid(2f342cd725054b246ba5d126c26c9707) Importer(815301076,1909f56bfc062723c751e8b465ee728b)
Start importing Assets/Scripts/SpawnManager.cs using Guid(2f342cd725054b246ba5d126c26c9707) Importer(815301076,1909f56bfc062723c751e8b465ee728b)  -> (artifact id: 'a7a0d3cb306e0178671b06760a8ba2fe') in 0.035872 seconds
  Import took 0.038998 seconds .

========================================================================
Received Prepare
Registering precompiled user dll's ...
Registered in 0.005006 seconds.
Begin MonoManager ReloadAssembly
Native extension for WindowsStandalone target not found
Refreshing native plugins compatible for Editor in 0.34 ms, found 2 plugins.
Preloading 0 native plugins for Editor in 0.00 ms.
Mono: successfully reloaded assembly
- Completed reload, in  1.086 seconds
Platform modules already initialized, skipping
Refreshing native plugins compatible for Editor in 0.40 ms, found 2 plugins.
Preloading 0 native plugins for Editor in 0.00 ms.
Unloading 1796 Unused Serialized files (Serialized files now loaded: 0)
System memory in use before: 80.3 MB.
System memory in use after: 80.4 MB.

Unloading 16 unused Assets to reduce memory usage. Loaded Objects now: 2240.
Total: 2.133500 ms (FindLiveObjects: 0.160400 ms CreateObjectMapping: 0.064400 ms MarkObjects: 1.858900 ms  DeleteObjects: 0.048700 ms)

========================================================================
Received Prepare
Registering precompiled user dll's ...
Registered in 0.004262 seconds.
Begin MonoManager ReloadAssembly
Native extension for WindowsStandalone target not found
Refreshing native plugins compatible for Editor in 0.33 ms, found 2 plugins.
Preloading 0 native plugins for Editor in 0.00 ms.
Mono: successfully reloaded assembly
- Completed reload, in  1.132 seconds
Platform modules already initialized, skipping
Refreshing native plugins compatible for Editor in 0.36 ms, found 2 plugins.
Preloading 0 native plugins for Editor in 0.00 ms.
Unloading 1797 Unused Serialized files (Serialized files now loaded: 0)
System memory in use before: 80.3 MB.
System memory in use after: 80.4 MB.

Unloading 15 unused Assets to reduce memory usage. Loaded Objects now: 2244.
Total: 2.406500 ms (FindLiveObjects: 0.158700 ms CreateObjectMapping: 0.049000 ms MarkObjects: 2.153500 ms  DeleteObjects: 0.044600 ms)

========================================================================
Received Prepare
Registering precompiled user dll's ...
Registered in 0.005344 seconds.
Begin MonoManager ReloadAssembly
Native extension for WindowsStandalone target not found
Refreshing native plugins compatible for Editor in 0.33 ms, found 2 plugins.
Preloading 0 native plugins for Editor in 0.00 ms.
Mono: successfully reloaded assembly
- Completed reload, in  1.064 seconds
Platform modules already initialized, skipping
Refreshing native plugins compatible for Editor in 0.38 ms, found 2 plugins.
Preloading 0 native plugins for Editor in 0.00 ms.
Unloading 1797 Unused Serialized files (Serialized files now loaded: 0)
System memory in use before: 80.3 MB.
System memory in use after: 80.4 MB.

Unloading 15 unused Assets to reduce memory usage. Loaded Objects now: 2247.
Total: 2.142700 ms (FindLiveObjects: 0.168500 ms CreateObjectMapping: 0.055400 ms MarkObjects: 1.874400 ms  DeleteObjects: 0.043400 ms)

========================================================================
Received Import Request.
  Time since last request: 278.130471 seconds.
  path: Assets/Alstra Infinite/Fish - PolyPack
  artifactKey: Guid(2401a31ae299ca447bdc1d2b969a4229) Importer(815301076,1909f56bfc062723c751e8b465ee728b)
Start importing Assets/Alstra Infinite/Fish - PolyPack using Guid(2401a31ae299ca447bdc1d2b969a4229) Importer(815301076,1909f56bfc062723c751e8b465ee728b)  -> (artifact id: '734c8aa45e5c3a0d89e456e5c365f9ac') in 0.012428 seconds
  Import took 0.020311 seconds .

========================================================================
Received Import Request.
  Time since last request: 2.147086 seconds.
  path: Assets/Alstra Infinite/Fish - PolyPack/Models
  artifactKey: Guid(4d073f0bbc4f46d47a6ceba6153c07dd) Importer(815301076,1909f56bfc062723c751e8b465ee728b)
Start importing Assets/Alstra Infinite/Fish - PolyPack/Models using Guid(4d073f0bbc4f46d47a6ceba6153c07dd) Importer(815301076,1909f56bfc062723c751e8b465ee728b)  -> (artifact id: 'fb68476f0a3abcb3ff5c5d52b5aebd05') in 0.008216 seconds
  Import took 0.011188 seconds .

========================================================================
Received Import Request.
  Time since last request: 0.001448 seconds.
  path: Assets/Alstra Infinite/Fish - PolyPack/Models
  artifactKey: Guid(4d073f0bbc4f46d47a6ceba6153c07dd) Importer(815301076,1909f56bfc062723c751e8b465ee728b)
Start importing Assets/Alstra Infinite/Fish - PolyPack/Models using Guid(4d073f0bbc4f46d47a6ceba6153c07dd) Importer(815301076,1909f56bfc062723c751e8b465ee728b)  -> (artifact id: 'fb68476f0a3abcb3ff5c5d52b5aebd05') in 0.003133 seconds
  Import took 0.005841 seconds .

========================================================================
Received Import Request.
  Time since last request: 0.075587 seconds.
  path: Assets/Alstra Infinite/Fish - PolyPack/Models/FishV1.fbx
  artifactKey: Guid(38f74cd884cda8242b4fdc167c4962f8) Importer(815301076,1909f56bfc062723c751e8b465ee728b)
Start importing Assets/Alstra Infinite/Fish - PolyPack/Models/FishV1.fbx using Guid(38f74cd884cda8242b4fdc167c4962f8) Importer(815301076,1909f56bfc062723c751e8b465ee728b)  -> (artifact id: '554e8d185c3fd0f48ef1131cdecf659e') in 0.145780 seconds
  Import took 0.148499 seconds .

========================================================================
Received Import Request.
  Time since last request: 0.000284 seconds.
  path: Assets/Alstra Infinite/Fish - PolyPack/Models/FishV2.fbx
  artifactKey: Guid(a8fd0d08c30426d4c978a4998752cf7d) Importer(815301076,1909f56bfc062723c751e8b465ee728b)
Start importing Assets/Alstra Infinite/Fish - PolyPack/Models/FishV2.fbx using Guid(a8fd0d08c30426d4c978a4998752cf7d) Importer(815301076,1909f56bfc062723c751e8b465ee728b)  -> (artifact id: 'aee86a66a6e25b730c2eeba9dbc640fe') in 0.027644 seconds
  Import took 0.030442 seconds .

========================================================================
Received Import Request.
  Time since last request: 0.000357 seconds.
  path: Assets/Alstra Infinite/Fish - PolyPack/Models/FishV4.fbx
  artifactKey: Guid(ea93ead513f04c9478f78e3f40ba5b11) Importer(815301076,1909f56bfc062723c751e8b465ee728b)
Start importing Assets/Alstra Infinite/Fish - PolyPack/Models/FishV4.fbx using Guid(ea93ead513f04c9478f78e3f40ba5b11) Importer(815301076,1909f56bfc062723c751e8b465ee728b)  -> (artifact id: 'bd2f93a824020208f989d114d9281c48') in 0.029311 seconds
  Import took 0.032349 seconds .

========================================================================
Received Import Request.
  Time since last request: 0.000396 seconds.
  path: Assets/Alstra Infinite/Fish - PolyPack/Models/SharkV1.fbx
  artifactKey: Guid(ca38d4485fce19f4aa0d3d7bdd8b6cf2) Importer(815301076,1909f56bfc062723c751e8b465ee728b)
Start importing Assets/Alstra Infinite/Fish - PolyPack/Models/SharkV1.fbx using Guid(ca38d4485fce19f4aa0d3d7bdd8b6cf2) Importer(815301076,1909f56bfc062723c751e8b465ee728b)  -> (artifact id: 'bd2946af6ea7e4e33b38e3922f700dc9') in 0.023861 seconds
  Import took 0.026844 seconds .

========================================================================
Received Import Request.
  Time since last request: 0.000230 seconds.
  path: Assets/Alstra Infinite/Fish - PolyPack/Models/FishV3.fbx
  artifactKey: Guid(ae51ad94fa7d3764d957aa512d506d00) Importer(815301076,1909f56bfc062723c751e8b465ee728b)
Start importing Assets/Alstra Infinite/Fish - PolyPack/Models/FishV3.fbx using Guid(ae51ad94fa7d3764d957aa512d506d00) Importer(815301076,1909f56bfc062723c751e8b465ee728b)  -> (artifact id: '89a257306f34311785af151803be3e1f') in 0.030635 seconds
  Import took 0.033700 seconds .

========================================================================
Received Import Request.
  Time since last request: 40.517158 seconds.
  path: Assets/SharkInput.inputactions
  artifactKey: Guid(caa8bd77d5da5334499a4907509a8590) Importer(815301076,1909f56bfc062723c751e8b465ee728b)
Start importing Assets/SharkInput.inputactions using Guid(caa8bd77d5da5334499a4907509a8590) Importer(815301076,1909f56bfc062723c751e8b465ee728b)  -> (artifact id: 'cfd150dfebecb98cd7cef7f38cf09804') in 0.015299 seconds
  Import took 0.019348 seconds .

========================================================================
Received Import Request.
  Time since last request: 12.321834 seconds.
  path: Assets/Alstra Infinite/Fish - PolyPack/Materials
  artifactKey: Guid(a166dd428664ae84baf03759fe565b34) Importer(815301076,1909f56bfc062723c751e8b465ee728b)
Start importing Assets/Alstra Infinite/Fish - PolyPack/Materials using Guid(a166dd428664ae84baf03759fe565b34) Importer(815301076,1909f56bfc062723c751e8b465ee728b)  -> (artifact id: 'd57ae8a298a263ff0bc4611b068ae053') in 0.006822 seconds
  Import took 0.009756 seconds .

========================================================================
Received Import Request.
  Time since last request: 0.080634 seconds.
  path: Assets/Alstra Infinite/Fish - PolyPack/Materials/Main.mat
  artifactKey: Guid(284830dd46ce77c4696ef63853c7cf5e) Importer(815301076,1909f56bfc062723c751e8b465ee728b)
Start importing Assets/Alstra Infinite/Fish - PolyPack/Materials/Main.mat using Guid(284830dd46ce77c4696ef63853c7cf5e) Importer(815301076,1909f56bfc062723c751e8b465ee728b)  -> (artifact id: '07bc33971560f83bf9538edf16272d43') in 0.020936 seconds
  Import took 0.024043 seconds .

========================================================================
Received Import Request.
  Time since last request: 22.459543 seconds.
  path: Assets/Alstra Infinite/Fish - PolyPack/Prefabs/FishV1.prefab
  artifactKey: Guid(94c015d94f6e5364e9b36b960bbe1b77) Importer(815301076,1909f56bfc062723c751e8b465ee728b)
Start importing Assets/Alstra Infinite/Fish - PolyPack/Prefabs/FishV1.prefab using Guid(94c015d94f6e5364e9b36b960bbe1b77) Importer(815301076,1909f56bfc062723c751e8b465ee728b)  -> (artifact id: '9700a4eb8730f245c151f6347b726459') in 0.012651 seconds
  Import took 0.016049 seconds .

========================================================================
Received Import Request.
  Time since last request: 0.000273 seconds.
  path: Assets/Alstra Infinite/Fish - PolyPack/Prefabs/FishV4.prefab
  artifactKey: Guid(a05072560c3476b4cb8dddf22f697392) Importer(815301076,1909f56bfc062723c751e8b465ee728b)
Start importing Assets/Alstra Infinite/Fish - PolyPack/Prefabs/FishV4.prefab using Guid(a05072560c3476b4cb8dddf22f697392) Importer(815301076,1909f56bfc062723c751e8b465ee728b)  -> (artifact id: '28e2e8bd7375d9fcda345cd28881c2e9') in 0.013228 seconds
  Import took 0.021393 seconds .

========================================================================
Received Import Request.
  Time since last request: 0.000388 seconds.
  path: Assets/Alstra Infinite/Fish - PolyPack/Prefabs/FishV2.prefab
  artifactKey: Guid(67de17aaa6711224f80123d9b1ef8cb7) Importer(815301076,1909f56bfc062723c751e8b465ee728b)
Start importing Assets/Alstra Infinite/Fish - PolyPack/Prefabs/FishV2.prefab using Guid(67de17aaa6711224f80123d9b1ef8cb7) Importer(815301076,1909f56bfc062723c751e8b465ee728b)  -> (artifact id: 'ca3ff772483744c1084f42733f213736') in 0.016314 seconds
  Import took 0.020709 seconds .

========================================================================
Received Import Request.
  Time since last request: 0.000334 seconds.
  path: Assets/Alstra Infinite/Fish - PolyPack/Prefabs/FishV3.prefab
  artifactKey: Guid(de500f6b90f89bc4c87a6585b2dea01a) Importer(815301076,1909f56bfc062723c751e8b465ee728b)
Start importing Assets/Alstra Infinite/Fish - PolyPack/Prefabs/FishV3.prefab using Guid(de500f6b90f89bc4c87a6585b2dea01a) Importer(815301076,1909f56bfc062723c751e8b465ee728b)  -> (artifact id: '8c21d2727b3bd539235a3f8852a599e1') in 0.015641 seconds
  Import took 0.020033 seconds .

========================================================================
Received Import Request.
  Time since last request: 0.000283 seconds.
  path: Assets/Alstra Infinite/Fish - PolyPack/Prefabs/SharkV1.prefab
  artifactKey: Guid(2fb93ff3c1250a74ca5f53a6bc162675) Importer(815301076,1909f56bfc062723c751e8b465ee728b)
Start importing Assets/Alstra Infinite/Fish - PolyPack/Prefabs/SharkV1.prefab using Guid(2fb93ff3c1250a74ca5f53a6bc162675) Importer(815301076,1909f56bfc062723c751e8b465ee728b)  -> (artifact id: 'bfb17c81ab9723bbcc379c4efc1fa783') in 0.016303 seconds
  Import took 0.020453 seconds .

========================================================================
Received Import Request.
  Time since last request: 6.099870 seconds.
  path: Assets/Prefabs/Fish_1.prefab
  artifactKey: Guid(41afc2b1685124447b5c229c8c2c3104) Importer(815301076,1909f56bfc062723c751e8b465ee728b)
Start importing Assets/Prefabs/Fish_1.prefab using Guid(41afc2b1685124447b5c229c8c2c3104) Importer(815301076,1909f56bfc062723c751e8b465ee728b)  -> (artifact id: '973e6c64593c4d2c0fc845762159f7b1') in 0.013189 seconds
  Import took 0.017029 seconds .

========================================================================
Received Import Request.
  Time since last request: 12.965918 seconds.
  path: Assets/Prefabs/Fish_1 1.prefab
  artifactKey: Guid(55ff0e93db7fbf64082f32c3d3316804) Importer(815301076,1909f56bfc062723c751e8b465ee728b)
Start importing Assets/Prefabs/Fish_1 1.prefab using Guid(55ff0e93db7fbf64082f32c3d3316804) Importer(815301076,1909f56bfc062723c751e8b465ee728b)  -> (artifact id: '4a1bbb1f59229e449e44cbddbdd2a7b1') in 0.015626 seconds
  Import took 0.019473 seconds .

========================================================================
Received Import Request.
  Time since last request: 0.843853 seconds.
  path: Assets/Prefabs/Fish_1 2.prefab
  artifactKey: Guid(bcb6c9e438cc23641b8f90a42a4befeb) Importer(815301076,1909f56bfc062723c751e8b465ee728b)
Start importing Assets/Prefabs/Fish_1 2.prefab using Guid(bcb6c9e438cc23641b8f90a42a4befeb) Importer(815301076,1909f56bfc062723c751e8b465ee728b)  -> (artifact id: 'd9318361047493a62d7a5fd090ee8e84') in 0.016857 seconds
  Import took 0.020942 seconds .

========================================================================
Received Import Request.
  Time since last request: 0.916689 seconds.
  path: Assets/Prefabs/Fish_1 3.prefab
  artifactKey: Guid(f115581f57d3cee40b8818891afab8f3) Importer(815301076,1909f56bfc062723c751e8b465ee728b)
Start importing Assets/Prefabs/Fish_1 3.prefab using Guid(f115581f57d3cee40b8818891afab8f3) Importer(815301076,1909f56bfc062723c751e8b465ee728b)  -> (artifact id: 'c8e435e178ebf6cb441524327c02c8c7') in 0.013583 seconds
  Import took 0.017211 seconds .

========================================================================
Received Import Request.
  Time since last request: 30.696652 seconds.
  path: Assets/Prefabs/Fish_1 3.prefab
  artifactKey: Guid(f115581f57d3cee40b8818891afab8f3) Importer(815301076,1909f56bfc062723c751e8b465ee728b)
Start importing Assets/Prefabs/Fish_1 3.prefab using Guid(f115581f57d3cee40b8818891afab8f3) Importer(815301076,1909f56bfc062723c751e8b465ee728b)  -> (artifact id: '8ce876f0758338c69919159fd194239a') in 0.013161 seconds
  Import took 0.016267 seconds .

========================================================================
Received Import Request.
  Time since last request: 55.513916 seconds.
  path: Assets/Prefabs/Fish_1 2.prefab
  artifactKey: Guid(bcb6c9e438cc23641b8f90a42a4befeb) Importer(815301076,1909f56bfc062723c751e8b465ee728b)
Start importing Assets/Prefabs/Fish_1 2.prefab using Guid(bcb6c9e438cc23641b8f90a42a4befeb) Importer(815301076,1909f56bfc062723c751e8b465ee728b)  -> (artifact id: '3f752cccd91bb535b643f86aabbb4f8b') in 0.012371 seconds
  Import took 0.021101 seconds .

========================================================================
Received Import Request.
  Time since last request: 13.925174 seconds.
  path: Assets/Alstra Infinite/Fish - PolyPack/Scene/ShowcaseFloor.mat
  artifactKey: Guid(0982336231d4218459d2001ee76293b3) Importer(815301076,1909f56bfc062723c751e8b465ee728b)
Start importing Assets/Alstra Infinite/Fish - PolyPack/Scene/ShowcaseFloor.mat using Guid(0982336231d4218459d2001ee76293b3) Importer(815301076,1909f56bfc062723c751e8b465ee728b)  -> (artifact id: '9dbd66fe444383f5fff26143fb8c8075') in 0.015378 seconds
  Import took 0.018425 seconds .

========================================================================
Received Import Request.
  Time since last request: 42.577141 seconds.
  path: Assets/Prefabs/Shark.prefab
  artifactKey: Guid(1a8737cde5cb7a0428104cd685d6a5aa) Importer(815301076,1909f56bfc062723c751e8b465ee728b)
Start importing Assets/Prefabs/Shark.prefab using Guid(1a8737cde5cb7a0428104cd685d6a5aa) Importer(815301076,1909f56bfc062723c751e8b465ee728b)  -> (artifact id: 'c2e9fa7fea68a57893ea4eacd6fcf3a4') in 0.021741 seconds
  Import took 0.025032 seconds .

========================================================================
Received Prepare
Registering precompiled user dll's ...
Registered in 0.003925 seconds.
Begin MonoManager ReloadAssembly
Native extension for WindowsStandalone target not found
Refreshing native plugins compatible for Editor in 0.37 ms, found 2 plugins.
Preloading 0 native plugins for Editor in 0.00 ms.
Mono: successfully reloaded assembly
- Completed reload, in  1.043 seconds
Platform modules already initialized, skipping
Refreshing native plugins compatible for Editor in 0.48 ms, found 2 plugins.
Preloading 0 native plugins for Editor in 0.00 ms.
Unloading 1797 Unused Serialized files (Serialized files now loaded: 0)
System memory in use before: 83.9 MB.
System memory in use after: 84.0 MB.

Unloading 15 unused Assets to reduce memory usage. Loaded Objects now: 2293.
Total: 2.762100 ms (FindLiveObjects: 0.166300 ms CreateObjectMapping: 0.048800 ms MarkObjects: 2.501500 ms  DeleteObjects: 0.044800 ms)

========================================================================
Received Import Request.
  Time since last request: 11.404025 seconds.
  path: Assets/Prefabs/Shark.prefab
  artifactKey: Guid(1a8737cde5cb7a0428104cd685d6a5aa) Importer(815301076,1909f56bfc062723c751e8b465ee728b)
Start importing Assets/Prefabs/Shark.prefab using Guid(1a8737cde5cb7a0428104cd685d6a5aa) Importer(815301076,1909f56bfc062723c751e8b465ee728b)  -> (artifact id: '83e162e5efcb19bea8abcff34db38416') in 0.073005 seconds
  Import took 0.075652 seconds .

========================================================================
Received Import Request.
  Time since last request: 1.122532 seconds.
  path: Assets/Prefabs/Shark.prefab
  artifactKey: Guid(1a8737cde5cb7a0428104cd685d6a5aa) Importer(815301076,1909f56bfc062723c751e8b465ee728b)
Start importing Assets/Prefabs/Shark.prefab using Guid(1a8737cde5cb7a0428104cd685d6a5aa) Importer(815301076,1909f56bfc062723c751e8b465ee728b)  -> (artifact id: '472fefa674ddff21b7c18e9f3dd1c320') in 0.012717 seconds
  Import took 0.015946 seconds .

========================================================================
Received Import Request.
  Time since last request: 9.380748 seconds.
  path: Assets/Prefabs/Shark.prefab
  artifactKey: Guid(1a8737cde5cb7a0428104cd685d6a5aa) Importer(815301076,1909f56bfc062723c751e8b465ee728b)
Start importing Assets/Prefabs/Shark.prefab using Guid(1a8737cde5cb7a0428104cd685d6a5aa) Importer(815301076,1909f56bfc062723c751e8b465ee728b)  -> (artifact id: '1e0d0a2c9aa38af7dc8751d14ac04b48') in 0.010679 seconds
  Import took 0.013710 seconds .

========================================================================
Received Import Request.
  Time since last request: 3.963837 seconds.
  path: Assets/Prefabs/Shark.prefab
  artifactKey: Guid(1a8737cde5cb7a0428104cd685d6a5aa) Importer(815301076,1909f56bfc062723c751e8b465ee728b)
Start importing Assets/Prefabs/Shark.prefab using Guid(1a8737cde5cb7a0428104cd685d6a5aa) Importer(815301076,1909f56bfc062723c751e8b465ee728b)  -> (artifact id: 'f566a6975fe5cb0e74c5a6bccff3cb73') in 0.013901 seconds
  Import took 0.017956 seconds .

========================================================================
Received Prepare
Registering precompiled user dll's ...
Registered in 0.004352 seconds.
Begin MonoManager ReloadAssembly
Native extension for WindowsStandalone target not found
Refreshing native plugins compatible for Editor in 0.33 ms, found 2 plugins.
Preloading 0 native plugins for Editor in 0.00 ms.
Mono: successfully reloaded assembly
- Completed reload, in  1.129 seconds
Platform modules already initialized, skipping
Refreshing native plugins compatible for Editor in 0.55 ms, found 2 plugins.
Preloading 0 native plugins for Editor in 0.00 ms.
Unloading 1797 Unused Serialized files (Serialized files now loaded: 0)
System memory in use before: 83.9 MB.
System memory in use after: 84.0 MB.

Unloading 15 unused Assets to reduce memory usage. Loaded Objects now: 2297.
Total: 2.236600 ms (FindLiveObjects: 0.156400 ms CreateObjectMapping: 0.056700 ms MarkObjects: 1.974600 ms  DeleteObjects: 0.047900 ms)

========================================================================
Received Import Request.
  Time since last request: 91.576670 seconds.
  path: Assets/Prefabs/Shark.prefab
  artifactKey: Guid(1a8737cde5cb7a0428104cd685d6a5aa) Importer(815301076,1909f56bfc062723c751e8b465ee728b)
Start importing Assets/Prefabs/Shark.prefab using Guid(1a8737cde5cb7a0428104cd685d6a5aa) Importer(815301076,1909f56bfc062723c751e8b465ee728b)  -> (artifact id: '94b959a27bc5f6cf575eb23e3ac1c826') in 0.071887 seconds
  Import took 0.074986 seconds .

========================================================================
Received Prepare
Registering precompiled user dll's ...
Registered in 0.003692 seconds.
Begin MonoManager ReloadAssembly
Native extension for WindowsStandalone target not found
Refreshing native plugins compatible for Editor in 0.34 ms, found 2 plugins.
Preloading 0 native plugins for Editor in 0.00 ms.
Mono: successfully reloaded assembly
- Completed reload, in  1.094 seconds
Platform modules already initialized, skipping
Refreshing native plugins compatible for Editor in 0.35 ms, found 2 plugins.
Preloading 0 native plugins for Editor in 0.00 ms.
Unloading 1797 Unused Serialized files (Serialized files now loaded: 0)
System memory in use before: 84.0 MB.
System memory in use after: 84.0 MB.

Unloading 15 unused Assets to reduce memory usage. Loaded Objects now: 2301.
Total: 2.193600 ms (FindLiveObjects: 0.173900 ms CreateObjectMapping: 0.051000 ms MarkObjects: 1.922000 ms  DeleteObjects: 0.045800 ms)

========================================================================
Received Prepare
Registering precompiled user dll's ...
Registered in 0.004685 seconds.
Begin MonoManager ReloadAssembly
Native extension for WindowsStandalone target not found
Refreshing native plugins compatible for Editor in 0.44 ms, found 2 plugins.
Preloading 0 native plugins for Editor in 0.00 ms.
Mono: successfully reloaded assembly
- Completed reload, in  1.314 seconds
Platform modules already initialized, skipping
Refreshing native plugins compatible for Editor in 0.56 ms, found 2 plugins.
Preloading 0 native plugins for Editor in 0.00 ms.
Unloading 1797 Unused Serialized files (Serialized files now loaded: 0)
System memory in use before: 84.0 MB.
System memory in use after: 84.0 MB.

Unloading 15 unused Assets to reduce memory usage. Loaded Objects now: 2304.
Total: 2.517700 ms (FindLiveObjects: 0.169800 ms CreateObjectMapping: 0.064200 ms MarkObjects: 2.233400 ms  DeleteObjects: 0.049000 ms)

========================================================================
Received Prepare
Registering precompiled user dll's ...
Registered in 0.003916 seconds.
Begin MonoManager ReloadAssembly
Native extension for WindowsStandalone target not found
Refreshing native plugins compatible for Editor in 0.46 ms, found 2 plugins.
Preloading 0 native plugins for Editor in 0.00 ms.
Mono: successfully reloaded assembly
- Completed reload, in  1.084 seconds
Platform modules already initialized, skipping
Refreshing native plugins compatible for Editor in 0.53 ms, found 2 plugins.
Preloading 0 native plugins for Editor in 0.00 ms.
Unloading 1797 Unused Serialized files (Serialized files now loaded: 0)
System memory in use before: 84.0 MB.
System memory in use after: 84.1 MB.

Unloading 15 unused Assets to reduce memory usage. Loaded Objects now: 2307.
Total: 2.434100 ms (FindLiveObjects: 0.288700 ms CreateObjectMapping: 0.119100 ms MarkObjects: 1.968200 ms  DeleteObjects: 0.056700 ms)

========================================================================
Received Prepare
Registering precompiled user dll's ...
Registered in 0.003984 seconds.
Begin MonoManager ReloadAssembly
Native extension for WindowsStandalone target not found
Refreshing native plugins compatible for Editor in 0.33 ms, found 2 plugins.
Preloading 0 native plugins for Editor in 0.00 ms.
Mono: successfully reloaded assembly
- Completed reload, in  1.065 seconds
Platform modules already initialized, skipping
Refreshing native plugins compatible for Editor in 0.36 ms, found 2 plugins.
Preloading 0 native plugins for Editor in 0.00 ms.
Unloading 1797 Unused Serialized files (Serialized files now loaded: 0)
System memory in use before: 84.0 MB.
System memory in use after: 84.1 MB.

Unloading 15 unused Assets to reduce memory usage. Loaded Objects now: 2310.
Total: 2.128900 ms (FindLiveObjects: 0.178600 ms CreateObjectMapping: 0.069000 ms MarkObjects: 1.832300 ms  DeleteObjects: 0.048100 ms)

========================================================================
Received Prepare
Registering precompiled user dll's ...
Registered in 0.004522 seconds.
Begin MonoManager ReloadAssembly
Native extension for WindowsStandalone target not found
Refreshing native plugins compatible for Editor in 0.68 ms, found 2 plugins.
Preloading 0 native plugins for Editor in 0.00 ms.
Mono: successfully reloaded assembly
- Completed reload, in  1.029 seconds
Platform modules already initialized, skipping
Refreshing native plugins compatible for Editor in 0.41 ms, found 2 plugins.
Preloading 0 native plugins for Editor in 0.00 ms.
Unloading 1797 Unused Serialized files (Serialized files now loaded: 0)
System memory in use before: 84.0 MB.
System memory in use after: 84.1 MB.

Unloading 15 unused Assets to reduce memory usage. Loaded Objects now: 2313.
Total: 2.408800 ms (FindLiveObjects: 0.172100 ms CreateObjectMapping: 0.050600 ms MarkObjects: 2.138600 ms  DeleteObjects: 0.046800 ms)

========================================================================
Received Import Request.
  Time since last request: 250.833875 seconds.
  path: Assets/Prefabs/Cube.prefab
  artifactKey: Guid(37fc8842c1d6d1b40a7c09474c813211) Importer(815301076,1909f56bfc062723c751e8b465ee728b)
Start importing Assets/Prefabs/Cube.prefab using Guid(37fc8842c1d6d1b40a7c09474c813211) Importer(815301076,1909f56bfc062723c751e8b465ee728b)  -> (artifact id: 'c79dd864f73f386e529a4598bae42946') in 0.074293 seconds
  Import took 0.078534 seconds .

========================================================================
Received Import Request.
  Time since last request: 0.083388 seconds.
  path: Assets/Prefabs/Fish_1.prefab
  artifactKey: Guid(41afc2b1685124447b5c229c8c2c3104) Importer(815301076,1909f56bfc062723c751e8b465ee728b)
Start importing Assets/Prefabs/Fish_1.prefab using Guid(41afc2b1685124447b5c229c8c2c3104) Importer(815301076,1909f56bfc062723c751e8b465ee728b)  -> (artifact id: 'afd14182168c6c9fe88c337774c322b6') in 0.011920 seconds
  Import took 0.015365 seconds .

========================================================================
Received Import Request.
  Time since last request: 7.002659 seconds.
  path: Assets/Prefabs/Cube 1.prefab
  artifactKey: Guid(b0ff8e418ed4a9d4da80820f1fd56ee5) Importer(815301076,1909f56bfc062723c751e8b465ee728b)
Start importing Assets/Prefabs/Cube 1.prefab using Guid(b0ff8e418ed4a9d4da80820f1fd56ee5) Importer(815301076,1909f56bfc062723c751e8b465ee728b)  -> (artifact id: '987ec03c54cc03550e8bdf8fc70eb282') in 0.013392 seconds
  Import took 0.016634 seconds .

========================================================================
Received Import Request.
  Time since last request: 0.004683 seconds.
  path: Assets/Prefabs/Cube 1.prefab
  artifactKey: Guid(b0ff8e418ed4a9d4da80820f1fd56ee5) Importer(815301076,1909f56bfc062723c751e8b465ee728b)
Start importing Assets/Prefabs/Cube 1.prefab using Guid(b0ff8e418ed4a9d4da80820f1fd56ee5) Importer(815301076,1909f56bfc062723c751e8b465ee728b)  -> (artifact id: '987ec03c54cc03550e8bdf8fc70eb282') in 0.009437 seconds
  Import took 0.012506 seconds .

========================================================================
Received Import Request.
  Time since last request: 0.125605 seconds.
  path: Assets/Prefabs/Fish_1 3.prefab
  artifactKey: Guid(f115581f57d3cee40b8818891afab8f3) Importer(815301076,1909f56bfc062723c751e8b465ee728b)
Start importing Assets/Prefabs/Fish_1 3.prefab using Guid(f115581f57d3cee40b8818891afab8f3) Importer(815301076,1909f56bfc062723c751e8b465ee728b)  -> (artifact id: '1815b9b7bd2fba7a1df2bb5ae00018d7') in 0.010574 seconds
  Import took 0.013867 seconds .

========================================================================
Received Import Request.
  Time since last request: 2.706923 seconds.
  path: Assets/Prefabs/Cube 2.prefab
  artifactKey: Guid(52d5308c3e2575c4f8ddf985fdebe440) Importer(815301076,1909f56bfc062723c751e8b465ee728b)
Start importing Assets/Prefabs/Cube 2.prefab using Guid(52d5308c3e2575c4f8ddf985fdebe440) Importer(815301076,1909f56bfc062723c751e8b465ee728b)  -> (artifact id: '94b251777e6df264f3d31b73be705839') in 0.014594 seconds
  Import took 0.019310 seconds .

========================================================================
Received Import Request.
  Time since last request: 0.000289 seconds.
  path: Assets/Prefabs/Fish_1 2.prefab
  artifactKey: Guid(bcb6c9e438cc23641b8f90a42a4befeb) Importer(815301076,1909f56bfc062723c751e8b465ee728b)
Start importing Assets/Prefabs/Fish_1 2.prefab using Guid(bcb6c9e438cc23641b8f90a42a4befeb) Importer(815301076,1909f56bfc062723c751e8b465ee728b)  -> (artifact id: 'a8dc40829e3109e051b8c52885983dee') in 0.013100 seconds
  Import took 0.015830 seconds .

========================================================================
Received Import Request.
  Time since last request: 0.000304 seconds.
  path: Assets/Prefabs/Cube 2.prefab
  artifactKey: Guid(52d5308c3e2575c4f8ddf985fdebe440) Importer(815301076,1909f56bfc062723c751e8b465ee728b)
Start importing Assets/Prefabs/Cube 2.prefab using Guid(52d5308c3e2575c4f8ddf985fdebe440) Importer(815301076,1909f56bfc062723c751e8b465ee728b)  -> (artifact id: '94b251777e6df264f3d31b73be705839') in 0.008919 seconds
  Import took 0.012235 seconds .

========================================================================
Received Prepare
Registering precompiled user dll's ...
Registered in 0.004673 seconds.
Begin MonoManager ReloadAssembly
Native extension for WindowsStandalone target not found
Refreshing native plugins compatible for Editor in 0.35 ms, found 2 plugins.
Preloading 0 native plugins for Editor in 0.00 ms.
Mono: successfully reloaded assembly
- Completed reload, in  1.042 seconds
Platform modules already initialized, skipping
Refreshing native plugins compatible for Editor in 0.40 ms, found 2 plugins.
Preloading 0 native plugins for Editor in 0.00 ms.
Unloading 1797 Unused Serialized files (Serialized files now loaded: 0)
System memory in use before: 84.0 MB.
System memory in use after: 84.1 MB.

Unloading 15 unused Assets to reduce memory usage. Loaded Objects now: 2317.
Total: 2.213100 ms (FindLiveObjects: 0.163500 ms CreateObjectMapping: 0.055300 ms MarkObjects: 1.941200 ms  DeleteObjects: 0.052300 ms)

========================================================================
Received Prepare
Registering precompiled user dll's ...
Registered in 0.004226 seconds.
Begin MonoManager ReloadAssembly
Native extension for WindowsStandalone target not found
Refreshing native plugins compatible for Editor in 0.36 ms, found 2 plugins.
Preloading 0 native plugins for Editor in 0.00 ms.
Mono: successfully reloaded assembly
- Completed reload, in  1.060 seconds
Platform modules already initialized, skipping
Refreshing native plugins compatible for Editor in 0.41 ms, found 2 plugins.
Preloading 0 native plugins for Editor in 0.00 ms.
Unloading 1797 Unused Serialized files (Serialized files now loaded: 0)
System memory in use before: 84.0 MB.
System memory in use after: 84.1 MB.

Unloading 15 unused Assets to reduce memory usage. Loaded Objects now: 2320.
Total: 2.534300 ms (FindLiveObjects: 0.162700 ms CreateObjectMapping: 0.048900 ms MarkObjects: 2.277200 ms  DeleteObjects: 0.044700 ms)

========================================================================
Received Import Request.
  Time since last request: 283.133957 seconds.
  path: Assets/Prefabs/Cube 2.prefab
  artifactKey: Guid(52d5308c3e2575c4f8ddf985fdebe440) Importer(815301076,1909f56bfc062723c751e8b465ee728b)
Start importing Assets/Prefabs/Cube 2.prefab using Guid(52d5308c3e2575c4f8ddf985fdebe440) Importer(815301076,1909f56bfc062723c751e8b465ee728b)  -> (artifact id: '6bef441f082c63a897e77e985fc303e3') in 0.066941 seconds
  Import took 0.070251 seconds .

========================================================================
Received Import Request.
  Time since last request: 0.000310 seconds.
  path: Assets/Prefabs/Fish_1 2.prefab
  artifactKey: Guid(bcb6c9e438cc23641b8f90a42a4befeb) Importer(815301076,1909f56bfc062723c751e8b465ee728b)
Start importing Assets/Prefabs/Fish_1 2.prefab using Guid(bcb6c9e438cc23641b8f90a42a4befeb) Importer(815301076,1909f56bfc062723c751e8b465ee728b)  -> (artifact id: 'e09d53f550cd305a686dede38b67a0c9') in 0.008564 seconds
  Import took 0.011785 seconds .

========================================================================
Received Import Request.
  Time since last request: 3.231456 seconds.
  path: Assets/Prefabs/Cube 1.prefab
  artifactKey: Guid(b0ff8e418ed4a9d4da80820f1fd56ee5) Importer(815301076,1909f56bfc062723c751e8b465ee728b)
Start importing Assets/Prefabs/Cube 1.prefab using Guid(b0ff8e418ed4a9d4da80820f1fd56ee5) Importer(815301076,1909f56bfc062723c751e8b465ee728b)  -> (artifact id: '5a4867d198b795205bb9e91c22f0b8cd') in 0.014785 seconds
  Import took 0.018422 seconds .

========================================================================
Received Import Request.
  Time since last request: 0.000281 seconds.
  path: Assets/Prefabs/Fish_1 3.prefab
  artifactKey: Guid(f115581f57d3cee40b8818891afab8f3) Importer(815301076,1909f56bfc062723c751e8b465ee728b)
Start importing Assets/Prefabs/Fish_1 3.prefab using Guid(f115581f57d3cee40b8818891afab8f3) Importer(815301076,1909f56bfc062723c751e8b465ee728b)  -> (artifact id: 'ce48c71000e7918fb117035d25f708c1') in 0.015586 seconds
  Import took 0.019537 seconds .

========================================================================
Received Prepare
Registering precompiled user dll's ...
Registered in 0.004133 seconds.
Begin MonoManager ReloadAssembly
Native extension for WindowsStandalone target not found
Refreshing native plugins compatible for Editor in 0.33 ms, found 2 plugins.
Preloading 0 native plugins for Editor in 0.00 ms.
Mono: successfully reloaded assembly
- Completed reload, in  1.077 seconds
Platform modules already initialized, skipping
Refreshing native plugins compatible for Editor in 0.38 ms, found 2 plugins.
Preloading 0 native plugins for Editor in 0.00 ms.
Unloading 1797 Unused Serialized files (Serialized files now loaded: 0)
System memory in use before: 84.1 MB.
System memory in use after: 84.1 MB.

Unloading 15 unused Assets to reduce memory usage. Loaded Objects now: 2324.
Total: 2.251300 ms (FindLiveObjects: 0.177700 ms CreateObjectMapping: 0.052200 ms MarkObjects: 1.973200 ms  DeleteObjects: 0.047500 ms)

========================================================================
Received Prepare
Registering precompiled user dll's ...
Registered in 0.004372 seconds.
Begin MonoManager ReloadAssembly
Native extension for WindowsStandalone target not found
Refreshing native plugins compatible for Editor in 0.35 ms, found 2 plugins.
Preloading 0 native plugins for Editor in 0.00 ms.
Mono: successfully reloaded assembly
- Completed reload, in  1.062 seconds
Platform modules already initialized, skipping
Refreshing native plugins compatible for Editor in 0.37 ms, found 2 plugins.
Preloading 0 native plugins for Editor in 0.00 ms.
Unloading 1797 Unused Serialized files (Serialized files now loaded: 0)
System memory in use before: 84.1 MB.
System memory in use after: 84.2 MB.

Unloading 15 unused Assets to reduce memory usage. Loaded Objects now: 2327.
Total: 2.364800 ms (FindLiveObjects: 0.169800 ms CreateObjectMapping: 0.050400 ms MarkObjects: 2.097200 ms  DeleteObjects: 0.046600 ms)

========================================================================
Received Prepare
Registering precompiled user dll's ...
Registered in 0.004256 seconds.
Begin MonoManager ReloadAssembly
Native extension for WindowsStandalone target not found
Refreshing native plugins compatible for Editor in 0.35 ms, found 2 plugins.
Preloading 0 native plugins for Editor in 0.00 ms.
Mono: successfully reloaded assembly
- Completed reload, in  1.044 seconds
Platform modules already initialized, skipping
Refreshing native plugins compatible for Editor in 0.39 ms, found 2 plugins.
Preloading 0 native plugins for Editor in 0.00 ms.
Unloading 1797 Unused Serialized files (Serialized files now loaded: 0)
System memory in use before: 84.1 MB.
System memory in use after: 84.2 MB.

Unloading 15 unused Assets to reduce memory usage. Loaded Objects now: 2330.
Total: 2.201100 ms (FindLiveObjects: 0.176100 ms CreateObjectMapping: 0.053400 ms MarkObjects: 1.924100 ms  DeleteObjects: 0.046700 ms)

========================================================================
Received Prepare
Registering precompiled user dll's ...
Registered in 0.003777 seconds.
Begin MonoManager ReloadAssembly
Native extension for WindowsStandalone target not found
Refreshing native plugins compatible for Editor in 0.37 ms, found 2 plugins.
Preloading 0 native plugins for Editor in 0.00 ms.
Mono: successfully reloaded assembly
- Completed reload, in  1.066 seconds
Platform modules already initialized, skipping
Refreshing native plugins compatible for Editor in 0.35 ms, found 2 plugins.
Preloading 0 native plugins for Editor in 0.00 ms.
Unloading 1797 Unused Serialized files (Serialized files now loaded: 0)
System memory in use before: 84.1 MB.
System memory in use after: 84.2 MB.

Unloading 15 unused Assets to reduce memory usage. Loaded Objects now: 2333.
Total: 2.157300 ms (FindLiveObjects: 0.153800 ms CreateObjectMapping: 0.052100 ms MarkObjects: 1.906200 ms  DeleteObjects: 0.044200 ms)

========================================================================
Received Prepare
Registering precompiled user dll's ...
Registered in 0.005694 seconds.
Begin MonoManager ReloadAssembly
Native extension for WindowsStandalone target not found
Refreshing native plugins compatible for Editor in 0.60 ms, found 2 plugins.
Preloading 0 native plugins for Editor in 0.00 ms.
Mono: successfully reloaded assembly
- Completed reload, in  1.196 seconds
Platform modules already initialized, skipping
Refreshing native plugins compatible for Editor in 0.44 ms, found 2 plugins.
Preloading 0 native plugins for Editor in 0.00 ms.
Unloading 1797 Unused Serialized files (Serialized files now loaded: 0)
System memory in use before: 84.1 MB.
System memory in use after: 84.2 MB.

Unloading 15 unused Assets to reduce memory usage. Loaded Objects now: 2336.
Total: 2.773700 ms (FindLiveObjects: 0.337700 ms CreateObjectMapping: 0.454600 ms MarkObjects: 1.928100 ms  DeleteObjects: 0.052200 ms)

========================================================================
Received Prepare
Registering precompiled user dll's ...
Registered in 0.004378 seconds.
Begin MonoManager ReloadAssembly
Native extension for WindowsStandalone target not found
Refreshing native plugins compatible for Editor in 0.38 ms, found 2 plugins.
Preloading 0 native plugins for Editor in 0.00 ms.
Mono: successfully reloaded assembly
- Completed reload, in  1.279 seconds
Platform modules already initialized, skipping
Refreshing native plugins compatible for Editor in 0.38 ms, found 2 plugins.
Preloading 0 native plugins for Editor in 0.00 ms.
Unloading 1797 Unused Serialized files (Serialized files now loaded: 0)
System memory in use before: 84.1 MB.
System memory in use after: 84.2 MB.

Unloading 15 unused Assets to reduce memory usage. Loaded Objects now: 2339.
Total: 2.311300 ms (FindLiveObjects: 0.190800 ms CreateObjectMapping: 0.060200 ms MarkObjects: 2.003300 ms  DeleteObjects: 0.055900 ms)

========================================================================
Received Prepare
Registering precompiled user dll's ...
Registered in 0.004001 seconds.
Begin MonoManager ReloadAssembly
Native extension for WindowsStandalone target not found
Refreshing native plugins compatible for Editor in 0.35 ms, found 2 plugins.
Preloading 0 native plugins for Editor in 0.00 ms.
Mono: successfully reloaded assembly
- Completed reload, in  1.123 seconds
Platform modules already initialized, skipping
Refreshing native plugins compatible for Editor in 0.44 ms, found 2 plugins.
Preloading 0 native plugins for Editor in 0.00 ms.
Unloading 1797 Unused Serialized files (Serialized files now loaded: 0)
System memory in use before: 84.1 MB.
System memory in use after: 84.2 MB.

Unloading 15 unused Assets to reduce memory usage. Loaded Objects now: 2342.
Total: 2.953900 ms (FindLiveObjects: 0.191700 ms CreateObjectMapping: 0.064500 ms MarkObjects: 2.641000 ms  DeleteObjects: 0.055300 ms)

========================================================================
Received Prepare
Registering precompiled user dll's ...
Registered in 0.003832 seconds.
Begin MonoManager ReloadAssembly
Native extension for WindowsStandalone target not found
Refreshing native plugins compatible for Editor in 0.33 ms, found 2 plugins.
Preloading 0 native plugins for Editor in 0.00 ms.
Mono: successfully reloaded assembly
- Completed reload, in  1.046 seconds
Platform modules already initialized, skipping
Refreshing native plugins compatible for Editor in 0.34 ms, found 2 plugins.
Preloading 0 native plugins for Editor in 0.00 ms.
Unloading 1797 Unused Serialized files (Serialized files now loaded: 0)
System memory in use before: 84.1 MB.
System memory in use after: 84.2 MB.

Unloading 15 unused Assets to reduce memory usage. Loaded Objects now: 2345.
Total: 2.112700 ms (FindLiveObjects: 0.148200 ms CreateObjectMapping: 0.049200 ms MarkObjects: 1.865400 ms  DeleteObjects: 0.048700 ms)

========================================================================
Received Import Request.
  Time since last request: 421.785423 seconds.
  path: Assets/Prefabs/Fish_1.prefab
  artifactKey: Guid(41afc2b1685124447b5c229c8c2c3104) Importer(815301076,1909f56bfc062723c751e8b465ee728b)
Start importing Assets/Prefabs/Fish_1.prefab using Guid(41afc2b1685124447b5c229c8c2c3104) Importer(815301076,1909f56bfc062723c751e8b465ee728b)  -> (artifact id: '8075ed77b7d0eec4a427c435214876f3') in 0.064744 seconds
  Import took 0.068010 seconds .

========================================================================
Received Import Request.
  Time since last request: 0.000295 seconds.
  path: Assets/Prefabs/Cube.prefab
  artifactKey: Guid(37fc8842c1d6d1b40a7c09474c813211) Importer(815301076,1909f56bfc062723c751e8b465ee728b)
Start importing Assets/Prefabs/Cube.prefab using Guid(37fc8842c1d6d1b40a7c09474c813211) Importer(815301076,1909f56bfc062723c751e8b465ee728b)  -> (artifact id: '52f00f7fdc371eb14e3ec5e84c797708') in 0.016395 seconds
  Import took 0.019288 seconds .

========================================================================
Received Import Request.
  Time since last request: 2.556636 seconds.
  path: Assets/Prefabs/Cube 2.prefab
  artifactKey: Guid(52d5308c3e2575c4f8ddf985fdebe440) Importer(815301076,1909f56bfc062723c751e8b465ee728b)
Start importing Assets/Prefabs/Cube 2.prefab using Guid(52d5308c3e2575c4f8ddf985fdebe440) Importer(815301076,1909f56bfc062723c751e8b465ee728b)  -> (artifact id: '784a92b8ba899230b7aeb2c0bcc1849c') in 0.016092 seconds
  Import took 0.020037 seconds .

========================================================================
Received Import Request.
  Time since last request: 0.000271 seconds.
  path: Assets/Prefabs/Fish_1 2.prefab
  artifactKey: Guid(bcb6c9e438cc23641b8f90a42a4befeb) Importer(815301076,1909f56bfc062723c751e8b465ee728b)
Start importing Assets/Prefabs/Fish_1 2.prefab using Guid(bcb6c9e438cc23641b8f90a42a4befeb) Importer(815301076,1909f56bfc062723c751e8b465ee728b)  -> (artifact id: '1a485896145581cffbef436d4d03ae7b') in 0.010756 seconds
  Import took 0.013858 seconds .

========================================================================
Received Import Request.
  Time since last request: 2.238525 seconds.
  path: Assets/Prefabs/Cube 1.prefab
  artifactKey: Guid(b0ff8e418ed4a9d4da80820f1fd56ee5) Importer(815301076,1909f56bfc062723c751e8b465ee728b)
Start importing Assets/Prefabs/Cube 1.prefab using Guid(b0ff8e418ed4a9d4da80820f1fd56ee5) Importer(815301076,1909f56bfc062723c751e8b465ee728b)  -> (artifact id: 'fb095fa803051f4973b0bbe79ea007a9') in 0.016101 seconds
  Import took 0.020050 seconds .

========================================================================
Received Import Request.
  Time since last request: 0.000258 seconds.
  path: Assets/Prefabs/Fish_1 3.prefab
  artifactKey: Guid(f115581f57d3cee40b8818891afab8f3) Importer(815301076,1909f56bfc062723c751e8b465ee728b)
Start importing Assets/Prefabs/Fish_1 3.prefab using Guid(f115581f57d3cee40b8818891afab8f3) Importer(815301076,1909f56bfc062723c751e8b465ee728b)  -> (artifact id: '60f1b12b49c3054b3d0ab59933d3716f') in 0.010639 seconds
  Import took 0.014301 seconds .

========================================================================
Received Prepare
Registering precompiled user dll's ...
Registered in 0.004020 seconds.
Begin MonoManager ReloadAssembly
Native extension for WindowsStandalone target not found
Refreshing native plugins compatible for Editor in 0.34 ms, found 2 plugins.
Preloading 0 native plugins for Editor in 0.00 ms.
Mono: successfully reloaded assembly
- Completed reload, in  1.067 seconds
Platform modules already initialized, skipping
Refreshing native plugins compatible for Editor in 0.40 ms, found 2 plugins.
Preloading 0 native plugins for Editor in 0.00 ms.
Unloading 1797 Unused Serialized files (Serialized files now loaded: 0)
System memory in use before: 84.1 MB.
System memory in use after: 84.2 MB.

Unloading 15 unused Assets to reduce memory usage. Loaded Objects now: 2349.
Total: 2.070100 ms (FindLiveObjects: 0.185900 ms CreateObjectMapping: 0.058700 ms MarkObjects: 1.777200 ms  DeleteObjects: 0.047500 ms)

========================================================================
Received Prepare
Registering precompiled user dll's ...
Registered in 0.003769 seconds.
Begin MonoManager ReloadAssembly
Native extension for WindowsStandalone target not found
Refreshing native plugins compatible for Editor in 0.42 ms, found 2 plugins.
Preloading 0 native plugins for Editor in 0.00 ms.
Mono: successfully reloaded assembly
- Completed reload, in  1.047 seconds
Platform modules already initialized, skipping
Refreshing native plugins compatible for Editor in 0.38 ms, found 2 plugins.
Preloading 0 native plugins for Editor in 0.00 ms.
Unloading 1797 Unused Serialized files (Serialized files now loaded: 0)
System memory in use before: 84.1 MB.
System memory in use after: 84.2 MB.

Unloading 15 unused Assets to reduce memory usage. Loaded Objects now: 2352.
Total: 3.046100 ms (FindLiveObjects: 0.180300 ms CreateObjectMapping: 0.065100 ms MarkObjects: 2.732500 ms  DeleteObjects: 0.066900 ms)

========================================================================
Received Import Request.
  Time since last request: 73.389955 seconds.
  path: Assets/Prefabs/Fish_1.prefab
  artifactKey: Guid(41afc2b1685124447b5c229c8c2c3104) Importer(815301076,1909f56bfc062723c751e8b465ee728b)
Start importing Assets/Prefabs/Fish_1.prefab using Guid(41afc2b1685124447b5c229c8c2c3104) Importer(815301076,1909f56bfc062723c751e8b465ee728b)  -> (artifact id: '3f4f9241b332e5f546a0943bde4bea7c') in 0.070458 seconds
  Import took 0.073655 seconds .

========================================================================
Received Import Request.
  Time since last request: 0.000255 seconds.
  path: Assets/Prefabs/Cube.prefab
  artifactKey: Guid(37fc8842c1d6d1b40a7c09474c813211) Importer(815301076,1909f56bfc062723c751e8b465ee728b)
Start importing Assets/Prefabs/Cube.prefab using Guid(37fc8842c1d6d1b40a7c09474c813211) Importer(815301076,1909f56bfc062723c751e8b465ee728b)  -> (artifact id: '821e000092c9a5b7d0047416ee871001') in 0.009838 seconds
  Import took 0.012801 seconds .

========================================================================
Received Import Request.
  Time since last request: 1.553073 seconds.
  path: Assets/Prefabs/Cube.prefab
  artifactKey: Guid(37fc8842c1d6d1b40a7c09474c813211) Importer(815301076,1909f56bfc062723c751e8b465ee728b)
Start importing Assets/Prefabs/Cube.prefab using Guid(37fc8842c1d6d1b40a7c09474c813211) Importer(815301076,1909f56bfc062723c751e8b465ee728b)  -> (artifact id: '705e6d70429ac4701215fd6c0c58dd0f') in 0.010398 seconds
  Import took 0.014668 seconds .

========================================================================
Received Import Request.
  Time since last request: 0.000322 seconds.
  path: Assets/Prefabs/Fish_1.prefab
  artifactKey: Guid(41afc2b1685124447b5c229c8c2c3104) Importer(815301076,1909f56bfc062723c751e8b465ee728b)
Start importing Assets/Prefabs/Fish_1.prefab using Guid(41afc2b1685124447b5c229c8c2c3104) Importer(815301076,1909f56bfc062723c751e8b465ee728b)  -> (artifact id: '284337a44c7127fa057e6e65a8aef300') in 0.010008 seconds
  Import took 0.013384 seconds .

========================================================================
Received Import Request.
  Time since last request: 4.093810 seconds.
  path: Assets/Prefabs/Cube 2.prefab
  artifactKey: Guid(52d5308c3e2575c4f8ddf985fdebe440) Importer(815301076,1909f56bfc062723c751e8b465ee728b)
Start importing Assets/Prefabs/Cube 2.prefab using Guid(52d5308c3e2575c4f8ddf985fdebe440) Importer(815301076,1909f56bfc062723c751e8b465ee728b)  -> (artifact id: '7d3717caf8faea703a7c1dea9a925dbf') in 0.014143 seconds
  Import took 0.022131 seconds .

========================================================================
Received Import Request.
  Time since last request: 0.000340 seconds.
  path: Assets/Prefabs/Fish_1 2.prefab
  artifactKey: Guid(bcb6c9e438cc23641b8f90a42a4befeb) Importer(815301076,1909f56bfc062723c751e8b465ee728b)
Start importing Assets/Prefabs/Fish_1 2.prefab using Guid(bcb6c9e438cc23641b8f90a42a4befeb) Importer(815301076,1909f56bfc062723c751e8b465ee728b)  -> (artifact id: '3af7847d5d4acfc3b560dba6fa5ab759') in 0.014549 seconds
  Import took 0.017172 seconds .

========================================================================
Received Import Request.
  Time since last request: 2.928853 seconds.
  path: Assets/Prefabs/Cube 1.prefab
  artifactKey: Guid(b0ff8e418ed4a9d4da80820f1fd56ee5) Importer(815301076,1909f56bfc062723c751e8b465ee728b)
Start importing Assets/Prefabs/Cube 1.prefab using Guid(b0ff8e418ed4a9d4da80820f1fd56ee5) Importer(815301076,1909f56bfc062723c751e8b465ee728b)  -> (artifact id: 'ba02b2507eef600d30fb4f09796a863b') in 0.014600 seconds
  Import took 0.019314 seconds .

========================================================================
Received Import Request.
  Time since last request: 0.000303 seconds.
  path: Assets/Prefabs/Fish_1 3.prefab
  artifactKey: Guid(f115581f57d3cee40b8818891afab8f3) Importer(815301076,1909f56bfc062723c751e8b465ee728b)
Start importing Assets/Prefabs/Fish_1 3.prefab using Guid(f115581f57d3cee40b8818891afab8f3) Importer(815301076,1909f56bfc062723c751e8b465ee728b)  -> (artifact id: '666f38e3203a49d95b5c9eb1ace581a9') in 0.009947 seconds
  Import took 0.012892 seconds .

========================================================================
Received Prepare
Registering precompiled user dll's ...
Registered in 0.004847 seconds.
Begin MonoManager ReloadAssembly
Native extension for WindowsStandalone target not found
Refreshing native plugins compatible for Editor in 0.46 ms, found 2 plugins.
Preloading 0 native plugins for Editor in 0.00 ms.
Mono: successfully reloaded assembly
- Completed reload, in  1.185 seconds
Platform modules already initialized, skipping
Refreshing native plugins compatible for Editor in 0.64 ms, found 2 plugins.
Preloading 0 native plugins for Editor in 0.00 ms.
Unloading 1797 Unused Serialized files (Serialized files now loaded: 0)
System memory in use before: 84.1 MB.
System memory in use after: 84.2 MB.

Unloading 15 unused Assets to reduce memory usage. Loaded Objects now: 2356.
Total: 2.015200 ms (FindLiveObjects: 0.164100 ms CreateObjectMapping: 0.058800 ms MarkObjects: 1.747700 ms  DeleteObjects: 0.043600 ms)

========================================================================
Received Prepare
Registering precompiled user dll's ...
Registered in 0.003788 seconds.
Begin MonoManager ReloadAssembly
Native extension for WindowsStandalone target not found
Refreshing native plugins compatible for Editor in 0.40 ms, found 2 plugins.
Preloading 0 native plugins for Editor in 0.00 ms.
Mono: successfully reloaded assembly
- Completed reload, in  1.070 seconds
Platform modules already initialized, skipping
Refreshing native plugins compatible for Editor in 0.39 ms, found 2 plugins.
Preloading 0 native plugins for Editor in 0.00 ms.
Unloading 1797 Unused Serialized files (Serialized files now loaded: 0)
System memory in use before: 84.1 MB.
System memory in use after: 84.2 MB.

Unloading 15 unused Assets to reduce memory usage. Loaded Objects now: 2359.
Total: 2.078100 ms (FindLiveObjects: 0.163500 ms CreateObjectMapping: 0.055800 ms MarkObjects: 1.809000 ms  DeleteObjects: 0.048600 ms)

========================================================================
Received Prepare
Registering precompiled user dll's ...
Registered in 0.005088 seconds.
Begin MonoManager ReloadAssembly
Native extension for WindowsStandalone target not found
Refreshing native plugins compatible for Editor in 0.34 ms, found 2 plugins.
Preloading 0 native plugins for Editor in 0.00 ms.
Mono: successfully reloaded assembly
- Completed reload, in  1.066 seconds
Platform modules already initialized, skipping
Refreshing native plugins compatible for Editor in 0.34 ms, found 2 plugins.
Preloading 0 native plugins for Editor in 0.00 ms.
Unloading 1797 Unused Serialized files (Serialized files now loaded: 0)
System memory in use before: 84.1 MB.
System memory in use after: 84.2 MB.

Unloading 15 unused Assets to reduce memory usage. Loaded Objects now: 2362.
Total: 2.216500 ms (FindLiveObjects: 0.188300 ms CreateObjectMapping: 0.050900 ms MarkObjects: 1.925600 ms  DeleteObjects: 0.050800 ms)

========================================================================
Received Prepare
Registering precompiled user dll's ...
Registered in 0.004263 seconds.
Begin MonoManager ReloadAssembly
Native extension for WindowsStandalone target not found
Refreshing native plugins compatible for Editor in 0.46 ms, found 2 plugins.
Preloading 0 native plugins for Editor in 0.00 ms.
Mono: successfully reloaded assembly
- Completed reload, in  1.079 seconds
Platform modules already initialized, skipping
Refreshing native plugins compatible for Editor in 0.37 ms, found 2 plugins.
Preloading 0 native plugins for Editor in 0.00 ms.
Unloading 1797 Unused Serialized files (Serialized files now loaded: 0)
System memory in use before: 84.2 MB.
System memory in use after: 84.2 MB.

Unloading 15 unused Assets to reduce memory usage. Loaded Objects now: 2365.
Total: 2.277400 ms (FindLiveObjects: 0.163100 ms CreateObjectMapping: 0.061100 ms MarkObjects: 2.003800 ms  DeleteObjects: 0.047900 ms)

========================================================================
Received Prepare
Registering precompiled user dll's ...
Registered in 0.003742 seconds.
Begin MonoManager ReloadAssembly
Native extension for WindowsStandalone target not found
Refreshing native plugins compatible for Editor in 0.35 ms, found 2 plugins.
Preloading 0 native plugins for Editor in 0.00 ms.
Mono: successfully reloaded assembly
- Completed reload, in  1.047 seconds
Platform modules already initialized, skipping
Refreshing native plugins compatible for Editor in 0.41 ms, found 2 plugins.
Preloading 0 native plugins for Editor in 0.00 ms.
Unloading 1797 Unused Serialized files (Serialized files now loaded: 0)
System memory in use before: 84.2 MB.
System memory in use after: 84.2 MB.

Unloading 15 unused Assets to reduce memory usage. Loaded Objects now: 2368.
Total: 2.292300 ms (FindLiveObjects: 0.189100 ms CreateObjectMapping: 0.052700 ms MarkObjects: 1.996300 ms  DeleteObjects: 0.053400 ms)

========================================================================
Received Prepare
Registering precompiled user dll's ...
Registered in 0.004028 seconds.
Begin MonoManager ReloadAssembly
Native extension for WindowsStandalone target not found
Refreshing native plugins compatible for Editor in 0.38 ms, found 2 plugins.
Preloading 0 native plugins for Editor in 0.00 ms.
Mono: successfully reloaded assembly
- Completed reload, in  1.345 seconds
Platform modules already initialized, skipping
Refreshing native plugins compatible for Editor in 0.57 ms, found 2 plugins.
Preloading 0 native plugins for Editor in 0.00 ms.
Unloading 1797 Unused Serialized files (Serialized files now loaded: 0)
System memory in use before: 84.2 MB.
System memory in use after: 84.3 MB.

Unloading 15 unused Assets to reduce memory usage. Loaded Objects now: 2371.
Total: 2.496300 ms (FindLiveObjects: 0.186000 ms CreateObjectMapping: 0.057100 ms MarkObjects: 2.198100 ms  DeleteObjects: 0.053800 ms)

========================================================================
Received Prepare
Refreshing native plugins compatible for Editor in 2.81 ms, found 2 plugins.
Preloading 0 native plugins for Editor in 0.00 ms.
Unloading 12 Unused Serialized files (Serialized files now loaded: 0)
System memory in use before: 48.8 MB.
System memory in use after: 48.9 MB.

Unloading 12 unused Assets to reduce memory usage. Loaded Objects now: 2371.
Total: 2.243200 ms (FindLiveObjects: 0.174100 ms CreateObjectMapping: 0.049600 ms MarkObjects: 1.975600 ms  DeleteObjects: 0.043000 ms)

AssetImportWorkerClient::OnTransportError - code=2 error=End of file
